{"contracts/factories/AbstractFactory.sol":{"l":{"18":10,"19":10,"31":11,"42":0},"path":"/bitcar/platform/Backend/contracts/factories/AbstractFactory.sol","s":{"1":10,"2":10,"3":11,"4":0},"b":{"1":[10,0]},"f":{"1":10,"2":11,"3":0},"fnMap":{"1":{"name":null,"line":16,"loc":{"start":{"line":16,"column":4},"end":{"line":17,"column":20}}},"2":{"name":"get","line":27,"loc":{"start":{"line":27,"column":4},"end":{"line":30,"column":31}}},"3":{"name":"size","line":38,"loc":{"start":{"line":38,"column":4},"end":{"line":41,"column":31}}}},"statementMap":{"1":{"start":{"line":18,"column":8},"end":{"line":18,"column":68}},"2":{"start":{"line":19,"column":8},"end":{"line":19,"column":33}},"3":{"start":{"line":31,"column":8},"end":{"line":31,"column":32}},"4":{"start":{"line":42,"column":8},"end":{"line":42,"column":31}}},"branchMap":{"1":{"line":18,"type":"if","locations":[{"start":{"line":18,"column":8},"end":{"line":18,"column":8}},{"start":{"line":18,"column":8},"end":{"line":18,"column":8}}]}}},"contracts/factories/AssetFactory.sol":{"l":{"22":5,"25":5,"26":5,"28":5,"30":5,"32":5},"path":"/bitcar/platform/Backend/contracts/factories/AssetFactory.sol","s":{"1":5,"2":5,"3":5,"4":5},"b":{},"f":{"1":1,"2":5},"fnMap":{"1":{"name":null,"line":13,"loc":{"start":{"line":13,"column":4},"end":{"line":15,"column":38}}},"2":{"name":"create","line":21,"loc":{"start":{"line":21,"column":4},"end":{"line":21,"column":42}}}},"statementMap":{"1":{"start":{"line":22,"column":8},"end":{"line":22,"column":59}},"2":{"start":{"line":25,"column":8},"end":{"line":25,"column":98}},"3":{"start":{"line":30,"column":8},"end":{"line":30,"column":56}},"4":{"start":{"line":32,"column":8},"end":{"line":32,"column":20}}},"branchMap":{}},"contracts/factories/AssetRankFactory.sol":{"l":{"27":3,"28":3,"29":3,"30":3},"path":"/bitcar/platform/Backend/contracts/factories/AssetRankFactory.sol","s":{"1":3,"2":3,"3":3},"b":{},"f":{"1":3,"2":3},"fnMap":{"1":{"name":null,"line":14,"loc":{"start":{"line":14,"column":4},"end":{"line":16,"column":38}}},"2":{"name":"create","line":23,"loc":{"start":{"line":23,"column":4},"end":{"line":26,"column":34}}}},"statementMap":{"1":{"start":{"line":27,"column":8},"end":{"line":27,"column":58}},"2":{"start":{"line":29,"column":8},"end":{"line":29,"column":59}},"3":{"start":{"line":30,"column":8},"end":{"line":30,"column":35}}},"branchMap":{}},"contracts/factories/AssetTokenFactory.sol":{"l":{"34":6,"46":6,"48":6,"49":6,"50":6},"path":"/bitcar/platform/Backend/contracts/factories/AssetTokenFactory.sol","s":{"1":6,"2":6,"3":6},"b":{},"f":{"1":1,"2":6},"fnMap":{"1":{"name":null,"line":14,"loc":{"start":{"line":14,"column":4},"end":{"line":16,"column":38}}},"2":{"name":"create","line":22,"loc":{"start":{"line":22,"column":4},"end":{"line":32,"column":35}}}},"statementMap":{"1":{"start":{"line":34,"column":8},"end":{"line":34,"column":814}},"2":{"start":{"line":49,"column":8},"end":{"line":49,"column":61}},"3":{"start":{"line":50,"column":8},"end":{"line":50,"column":38}}},"branchMap":{}},"contracts/factories/AssetWhitelistFactory.sol":{"l":{"23":6,"24":6,"25":6,"26":6},"path":"/bitcar/platform/Backend/contracts/factories/AssetWhitelistFactory.sol","s":{"1":6,"2":6,"3":6},"b":{},"f":{"1":1,"2":6},"fnMap":{"1":{"name":null,"line":14,"loc":{"start":{"line":14,"column":4},"end":{"line":16,"column":38}}},"2":{"name":"create","line":22,"loc":{"start":{"line":22,"column":4},"end":{"line":22,"column":98}}}},"statementMap":{"1":{"start":{"line":23,"column":8},"end":{"line":23,"column":106}},"2":{"start":{"line":25,"column":8},"end":{"line":25,"column":65}},"3":{"start":{"line":26,"column":8},"end":{"line":26,"column":46}}},"branchMap":{}},"contracts/factories/BEEFactory.sol":{"l":{"23":6,"24":6,"25":6,"26":6},"path":"/bitcar/platform/Backend/contracts/factories/BEEFactory.sol","s":{"1":6,"2":6,"3":6},"b":{},"f":{"1":1,"2":6},"fnMap":{"1":{"name":null,"line":14,"loc":{"start":{"line":14,"column":4},"end":{"line":16,"column":38}}},"2":{"name":"create","line":22,"loc":{"start":{"line":22,"column":4},"end":{"line":22,"column":86}}}},"statementMap":{"1":{"start":{"line":23,"column":8},"end":{"line":23,"column":72}},"2":{"start":{"line":25,"column":8},"end":{"line":25,"column":54}},"3":{"start":{"line":26,"column":8},"end":{"line":26,"column":24}}},"branchMap":{}},"contracts/factories/ClaimerFactory.sol":{"l":{"23":6,"24":6,"25":6,"26":6},"path":"/bitcar/platform/Backend/contracts/factories/ClaimerFactory.sol","s":{"1":6,"2":6,"3":6},"b":{},"f":{"1":1,"2":6},"fnMap":{"1":{"name":null,"line":14,"loc":{"start":{"line":14,"column":4},"end":{"line":16,"column":38}}},"2":{"name":"create","line":22,"loc":{"start":{"line":22,"column":4},"end":{"line":22,"column":71}}}},"statementMap":{"1":{"start":{"line":23,"column":8},"end":{"line":23,"column":73}},"2":{"start":{"line":25,"column":8},"end":{"line":25,"column":58}},"3":{"start":{"line":26,"column":8},"end":{"line":26,"column":32}}},"branchMap":{}},"contracts/factories/FeeFactory.sol":{"l":{"23":12,"24":12,"25":12,"26":12},"path":"/bitcar/platform/Backend/contracts/factories/FeeFactory.sol","s":{"1":12,"2":12,"3":12},"b":{},"f":{"1":1,"2":12},"fnMap":{"1":{"name":null,"line":14,"loc":{"start":{"line":14,"column":4},"end":{"line":16,"column":38}}},"2":{"name":"create","line":22,"loc":{"start":{"line":22,"column":4},"end":{"line":22,"column":73}}}},"statementMap":{"1":{"start":{"line":23,"column":8},"end":{"line":23,"column":59}},"2":{"start":{"line":25,"column":8},"end":{"line":25,"column":54}},"3":{"start":{"line":26,"column":8},"end":{"line":26,"column":24}}},"branchMap":{}},"contracts/factories/FeeManagerFactory.sol":{"l":{"23":6,"24":6,"25":6,"26":6},"path":"/bitcar/platform/Backend/contracts/factories/FeeManagerFactory.sol","s":{"1":6,"2":6,"3":6},"b":{},"f":{"1":1,"2":6},"fnMap":{"1":{"name":null,"line":14,"loc":{"start":{"line":14,"column":4},"end":{"line":16,"column":38}}},"2":{"name":"create","line":22,"loc":{"start":{"line":22,"column":4},"end":{"line":22,"column":62}}}},"statementMap":{"1":{"start":{"line":23,"column":8},"end":{"line":23,"column":70}},"2":{"start":{"line":25,"column":8},"end":{"line":25,"column":61}},"3":{"start":{"line":26,"column":8},"end":{"line":26,"column":38}}},"branchMap":{}},"contracts/governance/AccessControl.sol":{"l":{"25":0,"26":0,"33":0,"34":0,"35":0,"42":12,"43":12,"50":46,"51":46,"52":46,"53":43,"60":17,"61":17,"62":17,"63":17,"75":36,"76":36,"77":36,"88":0,"101":75,"113":61,"122":52,"131":3,"142":49,"151":51,"160":0,"171":4,"182":55},"path":"/bitcar/platform/Backend/contracts/governance/AccessControl.sol","s":{"1":0,"2":0,"3":0,"4":12,"5":46,"6":46,"7":46,"8":17,"9":17,"10":17,"11":36,"12":36,"13":36,"14":75,"15":61,"16":49,"17":4,"18":55},"b":{"1":[0,0],"2":[12,0],"3":[43,3],"4":[17,0],"5":[36,0]},"f":{"1":0,"2":0,"3":12,"4":46,"5":17,"6":36,"7":0,"8":75,"9":61,"10":52,"11":3,"12":49,"13":51,"14":0,"15":4,"16":55},"fnMap":{"1":{"name":"onlyRole","line":24,"loc":{"start":{"line":24,"column":4},"end":{"line":24,"column":21}}},"2":{"name":"onlyOwner","line":32,"loc":{"start":{"line":32,"column":4},"end":{"line":32,"column":22}}},"3":{"name":"onlySudo","line":41,"loc":{"start":{"line":41,"column":4},"end":{"line":41,"column":21}}},"4":{"name":"onlySudoOrOwner","line":49,"loc":{"start":{"line":49,"column":4},"end":{"line":49,"column":28}}},"5":{"name":"onlyAdmins","line":59,"loc":{"start":{"line":59,"column":4},"end":{"line":59,"column":23}}},"6":{"name":null,"line":71,"loc":{"start":{"line":71,"column":4},"end":{"line":74,"column":20}}},"7":{"name":"checkRole","line":85,"loc":{"start":{"line":85,"column":4},"end":{"line":87,"column":18}}},"8":{"name":"isRole","line":97,"loc":{"start":{"line":97,"column":4},"end":{"line":100,"column":28}}},"9":{"name":"isRole","line":109,"loc":{"start":{"line":109,"column":4},"end":{"line":112,"column":28}}},"10":{"name":"addAddressToGroup","line":120,"loc":{"start":{"line":120,"column":4},"end":{"line":121,"column":22}}},"11":{"name":"removeAddressFromGroup","line":129,"loc":{"start":{"line":129,"column":4},"end":{"line":130,"column":22}}},"12":{"name":"isVerifiedUser","line":138,"loc":{"start":{"line":138,"column":4},"end":{"line":141,"column":28}}},"13":{"name":"verifyUser","line":149,"loc":{"start":{"line":149,"column":4},"end":{"line":150,"column":22}}},"14":{"name":"unVerifyUser","line":158,"loc":{"start":{"line":158,"column":4},"end":{"line":159,"column":22}}},"15":{"name":"getRoleMembersCount","line":167,"loc":{"start":{"line":167,"column":4},"end":{"line":170,"column":31}}},"16":{"name":"getOwnerAddress","line":178,"loc":{"start":{"line":178,"column":4},"end":{"line":181,"column":31}}}},"statementMap":{"1":{"start":{"line":25,"column":8},"end":{"line":25,"column":28}},"2":{"start":{"line":33,"column":8},"end":{"line":33,"column":55}},"3":{"start":{"line":34,"column":8},"end":{"line":34,"column":55}},"4":{"start":{"line":42,"column":8},"end":{"line":42,"column":108}},"5":{"start":{"line":50,"column":8},"end":{"line":50,"column":55}},"6":{"start":{"line":51,"column":8},"end":{"line":51,"column":64}},"7":{"start":{"line":52,"column":8},"end":{"line":52,"column":91}},"8":{"start":{"line":60,"column":8},"end":{"line":60,"column":66}},"9":{"start":{"line":61,"column":8},"end":{"line":61,"column":91}},"10":{"start":{"line":62,"column":8},"end":{"line":62,"column":92}},"11":{"start":{"line":75,"column":8},"end":{"line":75,"column":19}},"12":{"start":{"line":76,"column":8},"end":{"line":76,"column":68}},"13":{"start":{"line":77,"column":8},"end":{"line":77,"column":68}},"14":{"start":{"line":101,"column":8},"end":{"line":101,"column":45}},"15":{"start":{"line":113,"column":8},"end":{"line":113,"column":44}},"16":{"start":{"line":142,"column":8},"end":{"line":142,"column":51}},"17":{"start":{"line":171,"column":8},"end":{"line":171,"column":49}},"18":{"start":{"line":182,"column":8},"end":{"line":182,"column":50}}},"branchMap":{"1":{"line":34,"type":"if","locations":[{"start":{"line":34,"column":8},"end":{"line":34,"column":8}},{"start":{"line":34,"column":8},"end":{"line":34,"column":8}}]},"2":{"line":42,"type":"if","locations":[{"start":{"line":42,"column":8},"end":{"line":42,"column":8}},{"start":{"line":42,"column":8},"end":{"line":42,"column":8}}]},"3":{"line":52,"type":"if","locations":[{"start":{"line":52,"column":8},"end":{"line":52,"column":8}},{"start":{"line":52,"column":8},"end":{"line":52,"column":8}}]},"4":{"line":62,"type":"if","locations":[{"start":{"line":62,"column":8},"end":{"line":62,"column":8}},{"start":{"line":62,"column":8},"end":{"line":62,"column":8}}]},"5":{"line":76,"type":"if","locations":[{"start":{"line":76,"column":8},"end":{"line":76,"column":8}},{"start":{"line":76,"column":8},"end":{"line":76,"column":8}}]}}},"contracts/governance/Admin.sol":{"l":{"35":9,"36":9,"46":0,"57":9},"path":"/bitcar/platform/Backend/contracts/governance/Admin.sol","s":{"1":9,"2":9,"3":0,"4":9,"5":9,"6":0},"b":{"1":[9,0]},"f":{"1":9,"2":9,"3":0,"4":9},"fnMap":{"1":{"name":null,"line":21,"loc":{"start":{"line":21,"column":4},"end":{"line":23,"column":62}}},"2":{"name":"addAddressToAdminGroup","line":30,"loc":{"start":{"line":30,"column":4},"end":{"line":34,"column":48}}},"3":{"name":"updateAddAddressToAdminGroupPrice","line":43,"loc":{"start":{"line":43,"column":4},"end":{"line":45,"column":29}}},"4":{"name":"verify","line":54,"loc":{"start":{"line":54,"column":4},"end":{"line":56,"column":29}}}},"statementMap":{"1":{"start":{"line":35,"column":8},"end":{"line":35,"column":31}},"2":{"start":{"line":36,"column":8},"end":{"line":36,"column":50}},"3":{"start":{"line":46,"column":8},"end":{"line":46,"column":46}},"4":{"start":{"line":57,"column":8},"end":{"line":57,"column":1700}},"5":{"start":{"line":57,"column":24},"end":{"line":57,"column":40}},"6":{"start":{"line":58,"column":14},"end":{"line":58,"column":32}}},"branchMap":{"1":{"line":57,"type":"if","locations":[{"start":{"line":57,"column":8},"end":{"line":57,"column":8}},{"start":{"line":57,"column":8},"end":{"line":57,"column":8}}]}}},"contracts/governance/Agent.sol":{"l":{"34":9,"35":9,"45":0,"56":9},"path":"/bitcar/platform/Backend/contracts/governance/Agent.sol","s":{"1":9,"2":9,"3":0,"4":9,"5":9,"6":0},"b":{"1":[9,0]},"f":{"1":9,"2":9,"3":0,"4":9},"fnMap":{"1":{"name":null,"line":21,"loc":{"start":{"line":21,"column":4},"end":{"line":23,"column":62}}},"2":{"name":"addAddressToAgentsGroup","line":30,"loc":{"start":{"line":30,"column":4},"end":{"line":33,"column":49}}},"3":{"name":"updateAddAddressToAgentsGroupPrice","line":42,"loc":{"start":{"line":42,"column":4},"end":{"line":44,"column":29}}},"4":{"name":"verify","line":53,"loc":{"start":{"line":53,"column":4},"end":{"line":55,"column":24}}}},"statementMap":{"1":{"start":{"line":34,"column":8},"end":{"line":34,"column":31}},"2":{"start":{"line":35,"column":8},"end":{"line":35,"column":50}},"3":{"start":{"line":45,"column":8},"end":{"line":45,"column":47}},"4":{"start":{"line":56,"column":8},"end":{"line":56,"column":1688}},"5":{"start":{"line":56,"column":24},"end":{"line":56,"column":40}},"6":{"start":{"line":57,"column":14},"end":{"line":57,"column":32}}},"branchMap":{"1":{"line":56,"type":"if","locations":[{"start":{"line":56,"column":8},"end":{"line":56,"column":8}},{"start":{"line":56,"column":8},"end":{"line":56,"column":8}}]}}},"contracts/governance/Groups.sol":{"l":{"24":30,"25":30,"26":30,"27":30,"28":30},"path":"/bitcar/platform/Backend/contracts/governance/Groups.sol","s":{"1":30,"2":30,"3":30,"4":30,"5":30,"6":0,"7":3,"8":47,"9":0,"10":11,"11":0,"12":3,"13":3,"14":3,"15":47,"16":44,"17":0,"18":5,"19":11,"20":0},"b":{"1":[30,0],"2":[0,0],"3":[3,0],"4":[44,3],"5":[0,0],"6":[11,0],"7":[0,0],"8":[3,0]},"f":{"1":30,"2":0,"3":3,"4":47,"5":0,"6":11,"7":0,"8":3,"9":3,"10":3,"11":47,"12":44,"13":0,"14":5,"15":11,"16":0},"fnMap":{"1":{"name":null,"line":23,"loc":{"start":{"line":23,"column":4},"end":{"line":23,"column":37}}},"2":{"name":"onlyOwner","line":34,"loc":{"start":{"line":34,"column":4},"end":{"line":34,"column":22}}},"3":{"name":"onlySudo","line":38,"loc":{"start":{"line":38,"column":4},"end":{"line":38,"column":21}}},"4":{"name":"onlyAdmins","line":42,"loc":{"start":{"line":42,"column":4},"end":{"line":42,"column":23}}},"5":{"name":"onlyAgents","line":46,"loc":{"start":{"line":46,"column":4},"end":{"line":46,"column":23}}},"6":{"name":"onlyTraders","line":50,"loc":{"start":{"line":50,"column":4},"end":{"line":50,"column":24}}},"7":{"name":"onlyVerifiedTraders","line":54,"loc":{"start":{"line":54,"column":4},"end":{"line":54,"column":32}}},"8":{"name":"onlySudoOrOwner","line":58,"loc":{"start":{"line":58,"column":4},"end":{"line":58,"column":28}}},"9":{"name":"isOwner","line":63,"loc":{"start":{"line":63,"column":4},"end":{"line":63,"column":60}}},"10":{"name":"isSudo","line":67,"loc":{"start":{"line":67,"column":4},"end":{"line":67,"column":59}}},"11":{"name":"isAdmin","line":71,"loc":{"start":{"line":71,"column":4},"end":{"line":71,"column":60}}},"12":{"name":"isVerifiedAdmin","line":75,"loc":{"start":{"line":75,"column":4},"end":{"line":75,"column":68}}},"13":{"name":"isAgent","line":79,"loc":{"start":{"line":79,"column":4},"end":{"line":79,"column":60}}},"14":{"name":"isVerifiedAgent","line":83,"loc":{"start":{"line":83,"column":4},"end":{"line":83,"column":68}}},"15":{"name":"isTrader","line":87,"loc":{"start":{"line":87,"column":4},"end":{"line":87,"column":61}}},"16":{"name":"isVerifiedTrader","line":91,"loc":{"start":{"line":91,"column":4},"end":{"line":91,"column":69}}}},"statementMap":{"1":{"start":{"line":24,"column":8},"end":{"line":24,"column":68}},"2":{"start":{"line":25,"column":8},"end":{"line":25,"column":72}},"3":{"start":{"line":26,"column":8},"end":{"line":26,"column":74}},"4":{"start":{"line":27,"column":8},"end":{"line":27,"column":74}},"5":{"start":{"line":28,"column":8},"end":{"line":28,"column":76}},"6":{"start":{"line":34,"column":26},"end":{"line":34,"column":78}},"7":{"start":{"line":38,"column":25},"end":{"line":38,"column":75}},"8":{"start":{"line":42,"column":27},"end":{"line":42,"column":121}},"9":{"start":{"line":46,"column":27},"end":{"line":46,"column":121}},"10":{"start":{"line":50,"column":28},"end":{"line":50,"column":84}},"11":{"start":{"line":54,"column":36},"end":{"line":54,"column":122}},"12":{"start":{"line":58,"column":32},"end":{"line":58,"column":132}},"13":{"start":{"line":63,"column":64},"end":{"line":63,"column":109}},"14":{"start":{"line":67,"column":63},"end":{"line":67,"column":95}},"15":{"start":{"line":71,"column":64},"end":{"line":71,"column":97}},"16":{"start":{"line":75,"column":72},"end":{"line":75,"column":113}},"17":{"start":{"line":79,"column":64},"end":{"line":79,"column":97}},"18":{"start":{"line":83,"column":72},"end":{"line":83,"column":113}},"19":{"start":{"line":87,"column":65},"end":{"line":87,"column":99}},"20":{"start":{"line":91,"column":73},"end":{"line":91,"column":115}}},"branchMap":{"1":{"line":24,"type":"if","locations":[{"start":{"line":24,"column":8},"end":{"line":24,"column":8}},{"start":{"line":24,"column":8},"end":{"line":24,"column":8}}]},"2":{"line":34,"type":"if","locations":[{"start":{"line":34,"column":26},"end":{"line":34,"column":26}},{"start":{"line":34,"column":26},"end":{"line":34,"column":26}}]},"3":{"line":38,"type":"if","locations":[{"start":{"line":38,"column":25},"end":{"line":38,"column":25}},{"start":{"line":38,"column":25},"end":{"line":38,"column":25}}]},"4":{"line":42,"type":"if","locations":[{"start":{"line":42,"column":27},"end":{"line":42,"column":27}},{"start":{"line":42,"column":27},"end":{"line":42,"column":27}}]},"5":{"line":46,"type":"if","locations":[{"start":{"line":46,"column":27},"end":{"line":46,"column":27}},{"start":{"line":46,"column":27},"end":{"line":46,"column":27}}]},"6":{"line":50,"type":"if","locations":[{"start":{"line":50,"column":28},"end":{"line":50,"column":28}},{"start":{"line":50,"column":28},"end":{"line":50,"column":28}}]},"7":{"line":54,"type":"if","locations":[{"start":{"line":54,"column":36},"end":{"line":54,"column":36}},{"start":{"line":54,"column":36},"end":{"line":54,"column":36}}]},"8":{"line":58,"type":"if","locations":[{"start":{"line":58,"column":32},"end":{"line":58,"column":32}},{"start":{"line":58,"column":32},"end":{"line":58,"column":32}}]}}},"contracts/governance/Multisignature.sol":{"l":{"35":4,"36":4,"38":4,"39":4,"40":4,"41":4,"42":4,"43":4,"44":4,"46":4,"48":4,"58":11,"59":11,"60":11,"62":8,"63":8,"65":8,"67":8,"68":8,"70":8,"73":4,"74":4,"84":4,"86":4,"87":4,"88":4,"89":0,"91":4,"94":4,"97":4,"98":4,"99":4,"107":0,"108":0,"118":0},"path":"/bitcar/platform/Backend/contracts/governance/Multisignature.sol","s":{"1":4,"2":4,"3":4,"4":4,"5":4,"6":4,"7":4,"8":4,"9":4,"10":11,"11":11,"12":11,"13":8,"14":8,"15":8,"16":8,"17":8,"18":4,"19":4,"20":4,"21":4,"22":4,"23":4,"24":0,"25":4,"26":4,"27":4,"28":0,"29":0,"30":0},"b":{"1":[4,0],"2":[11,0],"3":[8,3],"4":[4,4],"5":[4,0],"6":[0,4],"7":[4,0],"8":[4,0]},"f":{"1":12,"2":4,"3":11,"4":4,"5":0,"6":0},"fnMap":{"1":{"name":null,"line":26,"loc":{"start":{"line":26,"column":4},"end":{"line":26,"column":22}}},"2":{"name":"createMultisigTransaction","line":32,"loc":{"start":{"line":32,"column":4},"end":{"line":34,"column":31}}},"3":{"name":"signMultisigTransaction","line":55,"loc":{"start":{"line":55,"column":4},"end":{"line":57,"column":61}}},"4":{"name":"deleteMultisigTransaction","line":82,"loc":{"start":{"line":82,"column":4},"end":{"line":83,"column":22}}},"5":{"name":"cancelMultisigTransaction","line":105,"loc":{"start":{"line":105,"column":4},"end":{"line":106,"column":22}}},"6":{"name":"getPendingConfirmations","line":114,"loc":{"start":{"line":114,"column":4},"end":{"line":117,"column":31}}}},"statementMap":{"1":{"start":{"line":35,"column":8},"end":{"line":35,"column":65}},"2":{"start":{"line":36,"column":8},"end":{"line":36,"column":104}},"3":{"start":{"line":38,"column":8},"end":{"line":38,"column":47}},"4":{"start":{"line":40,"column":8},"end":{"line":40,"column":45}},"5":{"start":{"line":41,"column":8},"end":{"line":41,"column":39}},"6":{"start":{"line":42,"column":8},"end":{"line":42,"column":54}},"7":{"start":{"line":43,"column":8},"end":{"line":43,"column":58}},"8":{"start":{"line":46,"column":8},"end":{"line":46,"column":64}},"9":{"start":{"line":48,"column":8},"end":{"line":48,"column":28}},"10":{"start":{"line":58,"column":8},"end":{"line":58,"column":87}},"11":{"start":{"line":59,"column":8},"end":{"line":59,"column":74}},"12":{"start":{"line":60,"column":8},"end":{"line":60,"column":87}},"13":{"start":{"line":62,"column":8},"end":{"line":62,"column":47}},"14":{"start":{"line":65,"column":8},"end":{"line":65,"column":66}},"15":{"start":{"line":67,"column":8},"end":{"line":67,"column":48}},"16":{"start":{"line":68,"column":8},"end":{"line":68,"column":54}},"17":{"start":{"line":70,"column":8},"end":{"line":70,"column":2744}},"18":{"start":{"line":73,"column":12},"end":{"line":73,"column":59}},"19":{"start":{"line":74,"column":12},"end":{"line":74,"column":52}},"20":{"start":{"line":84,"column":8},"end":{"line":84,"column":92}},"21":{"start":{"line":86,"column":8},"end":{"line":86,"column":24}},"22":{"start":{"line":87,"column":8},"end":{"line":87,"column":3484}},"23":{"start":{"line":88,"column":12},"end":{"line":88,"column":3568}},"24":{"start":{"line":89,"column":16},"end":{"line":89,"column":80}},"25":{"start":{"line":90,"column":19},"end":{"line":90,"column":3692}},"26":{"start":{"line":91,"column":16},"end":{"line":91,"column":26}},"27":{"start":{"line":94,"column":8},"end":{"line":94,"column":27}},"28":{"start":{"line":107,"column":8},"end":{"line":107,"column":55}},"29":{"start":{"line":108,"column":8},"end":{"line":108,"column":48}},"30":{"start":{"line":118,"column":8},"end":{"line":118,"column":49}}},"branchMap":{"1":{"line":36,"type":"if","locations":[{"start":{"line":36,"column":8},"end":{"line":36,"column":8}},{"start":{"line":36,"column":8},"end":{"line":36,"column":8}}]},"2":{"line":59,"type":"if","locations":[{"start":{"line":59,"column":8},"end":{"line":59,"column":8}},{"start":{"line":59,"column":8},"end":{"line":59,"column":8}}]},"3":{"line":60,"type":"if","locations":[{"start":{"line":60,"column":8},"end":{"line":60,"column":8}},{"start":{"line":60,"column":8},"end":{"line":60,"column":8}}]},"4":{"line":70,"type":"if","locations":[{"start":{"line":70,"column":8},"end":{"line":70,"column":8}},{"start":{"line":70,"column":8},"end":{"line":70,"column":8}}]},"5":{"line":84,"type":"if","locations":[{"start":{"line":84,"column":8},"end":{"line":84,"column":8}},{"start":{"line":84,"column":8},"end":{"line":84,"column":8}}]},"6":{"line":88,"type":"if","locations":[{"start":{"line":88,"column":12},"end":{"line":88,"column":12}},{"start":{"line":88,"column":12},"end":{"line":88,"column":12}}]},"7":{"line":90,"type":"if","locations":[{"start":{"line":90,"column":19},"end":{"line":90,"column":19}},{"start":{"line":90,"column":19},"end":{"line":90,"column":19}}]},"8":{"line":94,"type":"if","locations":[{"start":{"line":94,"column":8},"end":{"line":94,"column":8}},{"start":{"line":94,"column":8},"end":{"line":94,"column":8}}]}}},"contracts/governance/Priced.sol":{"l":{"22":27,"23":27},"path":"/bitcar/platform/Backend/contracts/governance/Priced.sol","s":{"1":27},"b":{"1":[27,0]},"f":{"1":27},"fnMap":{"1":{"name":"costs","line":21,"loc":{"start":{"line":21,"column":4},"end":{"line":21,"column":31}}}},"statementMap":{"1":{"start":{"line":22,"column":8},"end":{"line":22,"column":54}}},"branchMap":{"1":{"line":22,"type":"if","locations":[{"start":{"line":22,"column":8},"end":{"line":22,"column":8}},{"start":{"line":22,"column":8},"end":{"line":22,"column":8}}]}}},"contracts/governance/Sudo.sol":{"l":{"33":25,"34":25,"45":3,"46":3,"47":3,"58":9,"59":9,"60":9,"61":6,"62":3},"path":"/bitcar/platform/Backend/contracts/governance/Sudo.sol","s":{"1":25,"2":25,"3":3,"4":3,"5":3,"6":9,"7":6,"8":3},"b":{"1":[3,0],"2":[3,3]},"f":{"1":9,"2":25,"3":3,"4":9},"fnMap":{"1":{"name":null,"line":21,"loc":{"start":{"line":21,"column":4},"end":{"line":23,"column":61}}},"2":{"name":"addAddressToSudoGroup","line":30,"loc":{"start":{"line":30,"column":4},"end":{"line":32,"column":29}}},"3":{"name":"requestRemoveAddressFromSudoGroup","line":41,"loc":{"start":{"line":41,"column":4},"end":{"line":44,"column":31}}},"4":{"name":"confirmRemoveAddressFromSudoGroup","line":55,"loc":{"start":{"line":55,"column":4},"end":{"line":57,"column":22}}}},"statementMap":{"1":{"start":{"line":33,"column":8},"end":{"line":33,"column":31}},"2":{"start":{"line":34,"column":8},"end":{"line":34,"column":24}},"3":{"start":{"line":45,"column":8},"end":{"line":45,"column":71}},"4":{"start":{"line":46,"column":8},"end":{"line":46,"column":23}},"5":{"start":{"line":47,"column":8},"end":{"line":47,"column":66}},"6":{"start":{"line":60,"column":8},"end":{"line":60,"column":74}},"7":{"start":{"line":61,"column":8},"end":{"line":61,"column":1859}},"8":{"start":{"line":62,"column":12},"end":{"line":62,"column":43}}},"branchMap":{"1":{"line":45,"type":"if","locations":[{"start":{"line":45,"column":8},"end":{"line":45,"column":8}},{"start":{"line":45,"column":8},"end":{"line":45,"column":8}}]},"2":{"line":61,"type":"if","locations":[{"start":{"line":61,"column":8},"end":{"line":61,"column":8}},{"start":{"line":61,"column":8},"end":{"line":61,"column":8}}]}}},"contracts/governance/Trader.sol":{"l":{"34":9,"35":9,"45":0,"56":8},"path":"/bitcar/platform/Backend/contracts/governance/Trader.sol","s":{"1":9,"2":9,"3":0,"4":8,"5":8,"6":0},"b":{"1":[8,0]},"f":{"1":9,"2":9,"3":0,"4":8},"fnMap":{"1":{"name":null,"line":21,"loc":{"start":{"line":21,"column":4},"end":{"line":23,"column":63}}},"2":{"name":"addAddressToTradersGroup","line":30,"loc":{"start":{"line":30,"column":4},"end":{"line":33,"column":50}}},"3":{"name":"updateAddAddressToTradersGroupPrice","line":42,"loc":{"start":{"line":42,"column":4},"end":{"line":44,"column":29}}},"4":{"name":"verify","line":53,"loc":{"start":{"line":53,"column":4},"end":{"line":55,"column":24}}}},"statementMap":{"1":{"start":{"line":34,"column":8},"end":{"line":34,"column":31}},"2":{"start":{"line":35,"column":8},"end":{"line":35,"column":50}},"3":{"start":{"line":45,"column":8},"end":{"line":45,"column":48}},"4":{"start":{"line":56,"column":8},"end":{"line":56,"column":1703}},"5":{"start":{"line":56,"column":24},"end":{"line":56,"column":40}},"6":{"start":{"line":57,"column":14},"end":{"line":57,"column":32}}},"branchMap":{"1":{"line":56,"type":"if","locations":[{"start":{"line":56,"column":8},"end":{"line":56,"column":8}},{"start":{"line":56,"column":8},"end":{"line":56,"column":8}}]}}},"contracts/libs/AssetRank.sol":{"l":{"36":3,"37":3,"46":17,"47":17,"61":17,"62":17,"63":17,"64":17,"65":17,"66":17,"67":17,"68":17,"69":17},"path":"/bitcar/platform/Backend/contracts/libs/AssetRank.sol","s":{"1":3,"2":3,"3":17,"4":17,"5":425,"6":17,"7":17,"8":17,"9":17,"10":17,"11":204,"12":17,"13":221,"14":17,"15":17,"16":17},"b":{"1":[17,0]},"f":{"1":3,"2":17,"3":17},"fnMap":{"1":{"name":null,"line":33,"loc":{"start":{"line":33,"column":4},"end":{"line":35,"column":29}}},"2":{"name":"setRankInputs","line":44,"loc":{"start":{"line":44,"column":4},"end":{"line":45,"column":22}}},"3":{"name":"calculateRanking","line":57,"loc":{"start":{"line":57,"column":4},"end":{"line":59,"column":97}}}},"statementMap":{"1":{"start":{"line":36,"column":8},"end":{"line":36,"column":88}},"2":{"start":{"line":37,"column":8},"end":{"line":37,"column":75}},"3":{"start":{"line":46,"column":8},"end":{"line":46,"column":91}},"4":{"start":{"line":47,"column":8},"end":{"line":47,"column":80}},"5":{"start":{"line":47,"column":56},"end":{"line":47,"column":78}},"6":{"start":{"line":61,"column":8},"end":{"line":61,"column":34}},"7":{"start":{"line":62,"column":8},"end":{"line":62,"column":44}},"8":{"start":{"line":63,"column":8},"end":{"line":63,"column":30}},"9":{"start":{"line":64,"column":8},"end":{"line":64,"column":22}},"10":{"start":{"line":65,"column":8},"end":{"line":65,"column":122}},"11":{"start":{"line":65,"column":40},"end":{"line":65,"column":120}},"12":{"start":{"line":66,"column":8},"end":{"line":66,"column":123}},"13":{"start":{"line":66,"column":60},"end":{"line":66,"column":121}},"14":{"start":{"line":67,"column":8},"end":{"line":67,"column":45}},"15":{"start":{"line":68,"column":8},"end":{"line":68,"column":64}},"16":{"start":{"line":69,"column":8},"end":{"line":69,"column":69}}},"branchMap":{"1":{"line":46,"type":"if","locations":[{"start":{"line":46,"column":8},"end":{"line":46,"column":8}},{"start":{"line":46,"column":8},"end":{"line":46,"column":8}}]}}},"contracts/libs/AssetRankParameters.sol":{"l":{"42":3,"43":3,"46":3,"47":3,"48":3,"49":3,"50":3,"51":3,"52":3,"53":3,"54":3,"55":3,"56":3,"57":3,"60":3,"61":3,"62":3,"63":3,"64":3,"65":3,"66":3,"67":3,"68":3,"69":3,"70":3,"71":3,"72":3,"83":17,"94":0,"105":17,"116":333,"127":425,"128":425,"139":75,"140":75,"153":1,"154":1,"155":1,"166":2,"167":2,"168":2,"169":2,"170":1,"171":25},"path":"/bitcar/platform/Backend/contracts/libs/AssetRankParameters.sol","s":{"1":3,"2":3,"3":75,"4":3,"5":3,"6":3,"7":3,"8":3,"9":3,"10":3,"11":3,"12":3,"13":3,"14":3,"15":3,"16":3,"17":3,"18":3,"19":3,"20":3,"21":3,"22":3,"23":3,"24":3,"25":3,"26":3,"27":3,"28":3,"29":17,"30":0,"31":17,"32":333,"33":425,"34":425,"35":75,"36":1,"37":1,"38":1,"39":2,"40":2,"41":1,"42":25},"b":{"1":[425,0],"2":[1,0],"3":[1,1]},"f":{"1":3,"2":17,"3":0,"4":17,"5":333,"6":425,"7":75,"8":1,"9":2},"fnMap":{"1":{"name":null,"line":38,"loc":{"start":{"line":38,"column":4},"end":{"line":40,"column":30}}},"2":{"name":"getTheUnit","line":79,"loc":{"start":{"line":79,"column":4},"end":{"line":82,"column":31}}},"3":{"name":"setTheThreshold","line":91,"loc":{"start":{"line":91,"column":4},"end":{"line":93,"column":22}}},"4":{"name":"getTheThreshold","line":101,"loc":{"start":{"line":101,"column":4},"end":{"line":104,"column":31}}},"5":{"name":"getNumParams","line":112,"loc":{"start":{"line":112,"column":4},"end":{"line":115,"column":29}}},"6":{"name":"getParam","line":123,"loc":{"start":{"line":123,"column":4},"end":{"line":126,"column":31}}},"7":{"name":"addRankParameter","line":136,"loc":{"start":{"line":136,"column":4},"end":{"line":138,"column":31}}},"8":{"name":"requestRankWeightsUpdate","line":149,"loc":{"start":{"line":149,"column":4},"end":{"line":152,"column":31}}},"9":{"name":"confirmRankWeightsUpdate","line":163,"loc":{"start":{"line":163,"column":4},"end":{"line":165,"column":22}}}},"statementMap":{"1":{"start":{"line":42,"column":8},"end":{"line":42,"column":21}},"2":{"start":{"line":43,"column":8},"end":{"line":43,"column":66}},"3":{"start":{"line":43,"column":46},"end":{"line":43,"column":64}},"4":{"start":{"line":46,"column":8},"end":{"line":46,"column":27}},"5":{"start":{"line":47,"column":8},"end":{"line":47,"column":27}},"6":{"start":{"line":48,"column":8},"end":{"line":48,"column":27}},"7":{"start":{"line":49,"column":8},"end":{"line":49,"column":27}},"8":{"start":{"line":50,"column":8},"end":{"line":50,"column":27}},"9":{"start":{"line":51,"column":8},"end":{"line":51,"column":27}},"10":{"start":{"line":52,"column":8},"end":{"line":52,"column":27}},"11":{"start":{"line":53,"column":8},"end":{"line":53,"column":27}},"12":{"start":{"line":54,"column":8},"end":{"line":54,"column":27}},"13":{"start":{"line":55,"column":8},"end":{"line":55,"column":27}},"14":{"start":{"line":56,"column":8},"end":{"line":56,"column":28}},"15":{"start":{"line":57,"column":8},"end":{"line":57,"column":28}},"16":{"start":{"line":60,"column":8},"end":{"line":60,"column":25}},"17":{"start":{"line":61,"column":8},"end":{"line":61,"column":27}},"18":{"start":{"line":62,"column":8},"end":{"line":62,"column":25}},"19":{"start":{"line":63,"column":8},"end":{"line":63,"column":25}},"20":{"start":{"line":64,"column":8},"end":{"line":64,"column":26}},"21":{"start":{"line":65,"column":8},"end":{"line":65,"column":25}},"22":{"start":{"line":66,"column":8},"end":{"line":66,"column":25}},"23":{"start":{"line":67,"column":8},"end":{"line":67,"column":27}},"24":{"start":{"line":68,"column":8},"end":{"line":68,"column":25}},"25":{"start":{"line":69,"column":8},"end":{"line":69,"column":25}},"26":{"start":{"line":70,"column":8},"end":{"line":70,"column":27}},"27":{"start":{"line":71,"column":8},"end":{"line":71,"column":25}},"28":{"start":{"line":72,"column":8},"end":{"line":72,"column":25}},"29":{"start":{"line":83,"column":8},"end":{"line":83,"column":22}},"30":{"start":{"line":94,"column":8},"end":{"line":94,"column":30}},"31":{"start":{"line":105,"column":8},"end":{"line":105,"column":27}},"32":{"start":{"line":116,"column":8},"end":{"line":116,"column":24}},"33":{"start":{"line":127,"column":8},"end":{"line":127,"column":61}},"34":{"start":{"line":128,"column":8},"end":{"line":128,"column":30}},"35":{"start":{"line":140,"column":8},"end":{"line":140,"column":29}},"36":{"start":{"line":153,"column":8},"end":{"line":153,"column":95}},"37":{"start":{"line":154,"column":8},"end":{"line":154,"column":31}},"38":{"start":{"line":155,"column":8},"end":{"line":155,"column":78}},"39":{"start":{"line":168,"column":8},"end":{"line":168,"column":74}},"40":{"start":{"line":169,"column":8},"end":{"line":169,"column":6016}},"41":{"start":{"line":170,"column":12},"end":{"line":170,"column":6066}},"42":{"start":{"line":171,"column":16},"end":{"line":171,"column":41}}},"branchMap":{"1":{"line":127,"type":"if","locations":[{"start":{"line":127,"column":8},"end":{"line":127,"column":8}},{"start":{"line":127,"column":8},"end":{"line":127,"column":8}}]},"2":{"line":153,"type":"if","locations":[{"start":{"line":153,"column":8},"end":{"line":153,"column":8}},{"start":{"line":153,"column":8},"end":{"line":153,"column":8}}]},"3":{"line":169,"type":"if","locations":[{"start":{"line":169,"column":8},"end":{"line":169,"column":8}},{"start":{"line":169,"column":8},"end":{"line":169,"column":8}}]}}},"contracts/libs/ECVerify.sol":{"l":{"23":15,"41":15,"42":15,"43":15,"72":15,"73":15,"74":15,"76":15},"path":"/bitcar/platform/Backend/contracts/libs/ECVerify.sol","s":{"1":15,"2":15,"3":15,"4":15,"5":15,"6":15,"7":15,"8":15},"b":{"1":[15,0]},"f":{"1":15,"2":15,"3":15},"fnMap":{"1":{"name":"getAddrFromSignature","line":15,"loc":{"start":{"line":15,"column":4},"end":{"line":22,"column":31}}},"2":{"name":"getAddrFromSignatureWithPrefix","line":33,"loc":{"start":{"line":33,"column":4},"end":{"line":40,"column":31}}},"3":{"name":"validateSignature","line":54,"loc":{"start":{"line":54,"column":4},"end":{"line":62,"column":28}}}},"statementMap":{"1":{"start":{"line":23,"column":8},"end":{"line":23,"column":46}},"2":{"start":{"line":41,"column":8},"end":{"line":41,"column":60}},"3":{"start":{"line":42,"column":8},"end":{"line":42,"column":63}},"4":{"start":{"line":43,"column":8},"end":{"line":43,"column":41}},"5":{"start":{"line":72,"column":8},"end":{"line":72,"column":74}},"6":{"start":{"line":73,"column":8},"end":{"line":73,"column":2294}},"7":{"start":{"line":74,"column":12},"end":{"line":74,"column":83}},"8":{"start":{"line":76,"column":8},"end":{"line":76,"column":21}}},"branchMap":{"1":{"line":73,"type":"if","locations":[{"start":{"line":73,"column":8},"end":{"line":73,"column":8}},{"start":{"line":73,"column":8},"end":{"line":73,"column":8}}]}}},"contracts/libs/IndexedEntities.sol":{"l":{"67":10,"68":9,"69":9,"70":9,"71":9,"85":3,"86":2,"99":3,"113":4},"path":"/bitcar/platform/Backend/contracts/libs/IndexedEntities.sol","s":{"1":10,"2":9,"3":9,"4":9,"5":9,"6":3,"7":2,"8":3,"9":4},"b":{"1":[9,1],"2":[2,1]},"f":{"1":10,"2":3,"3":3,"4":4},"fnMap":{"1":{"name":"addItem","line":64,"loc":{"start":{"line":64,"column":4},"end":{"line":66,"column":45}}},"2":{"name":"getItem","line":80,"loc":{"start":{"line":80,"column":4},"end":{"line":84,"column":30}}},"3":{"name":"getCount","line":94,"loc":{"start":{"line":94,"column":4},"end":{"line":98,"column":30}}},"4":{"name":"hasItem","line":108,"loc":{"start":{"line":108,"column":4},"end":{"line":112,"column":27}}}},"statementMap":{"1":{"start":{"line":67,"column":8},"end":{"line":67,"column":100}},"2":{"start":{"line":68,"column":8},"end":{"line":68,"column":72}},"3":{"start":{"line":69,"column":8},"end":{"line":69,"column":72}},"4":{"start":{"line":70,"column":8},"end":{"line":70,"column":54}},"5":{"start":{"line":71,"column":8},"end":{"line":71,"column":66}},"6":{"start":{"line":85,"column":8},"end":{"line":85,"column":74}},"7":{"start":{"line":86,"column":8},"end":{"line":86,"column":52}},"8":{"start":{"line":99,"column":8},"end":{"line":99,"column":41}},"9":{"start":{"line":113,"column":8},"end":{"line":113,"column":55}}},"branchMap":{"1":{"line":67,"type":"if","locations":[{"start":{"line":67,"column":8},"end":{"line":67,"column":8}},{"start":{"line":67,"column":8},"end":{"line":67,"column":8}}]},"2":{"line":85,"type":"if","locations":[{"start":{"line":85,"column":8},"end":{"line":85,"column":8}},{"start":{"line":85,"column":8},"end":{"line":85,"column":8}}]}}},"contracts/libs/interfaces/IAssetRank.sol":{"l":{},"path":"/bitcar/platform/Backend/contracts/libs/interfaces/IAssetRank.sol","s":{},"b":{},"f":{},"fnMap":{},"statementMap":{},"branchMap":{}},"contracts/libs/Modifiers.sol":{"l":{},"path":"/bitcar/platform/Backend/contracts/libs/Modifiers.sol","s":{},"b":{},"f":{},"fnMap":{},"statementMap":{},"branchMap":{}},"contracts/libs/ownership/Ownable.sol":{"l":{"21":0,"22":0,"29":11,"30":10,"37":503,"38":503,"39":503,"40":503,"49":74,"59":55,"69":0,"78":0,"79":0,"80":0,"90":54,"91":54,"92":54,"102":0,"103":0,"104":0},"path":"/bitcar/platform/Backend/contracts/libs/ownership/Ownable.sol","s":{"1":0,"2":11,"3":503,"4":503,"5":503,"6":74,"7":55,"8":0,"9":0,"10":0,"11":0,"12":54,"13":54,"14":54,"15":0,"16":0,"17":0},"b":{"1":[0,0],"2":[10,1],"3":[503,0],"4":[0,0],"5":[54,0],"6":[0,0]},"f":{"1":0,"2":11,"3":503,"4":74,"5":55,"6":0,"7":0,"8":54,"9":0},"fnMap":{"1":{"name":"onlyImmediateOwner","line":20,"loc":{"start":{"line":20,"column":4},"end":{"line":20,"column":31}}},"2":{"name":"onlyWhitelisted","line":28,"loc":{"start":{"line":28,"column":4},"end":{"line":28,"column":28}}},"3":{"name":"onlyImmediateOwnerOrWhitelisted","line":36,"loc":{"start":{"line":36,"column":4},"end":{"line":36,"column":44}}},"4":{"name":null,"line":47,"loc":{"start":{"line":47,"column":4},"end":{"line":48,"column":20}}},"5":{"name":"getImmediateOwnerAddress","line":55,"loc":{"start":{"line":55,"column":4},"end":{"line":58,"column":31}}},"6":{"name":"transferOwnership","line":66,"loc":{"start":{"line":66,"column":4},"end":{"line":68,"column":45}}},"7":{"name":"_transferOwnership","line":76,"loc":{"start":{"line":76,"column":4},"end":{"line":77,"column":21}}},"8":{"name":"registerComponent","line":87,"loc":{"start":{"line":87,"column":4},"end":{"line":89,"column":45}}},"9":{"name":"deregisterComponent","line":99,"loc":{"start":{"line":99,"column":4},"end":{"line":101,"column":45}}}},"statementMap":{"1":{"start":{"line":21,"column":8},"end":{"line":21,"column":76}},"2":{"start":{"line":29,"column":8},"end":{"line":29,"column":89}},"3":{"start":{"line":37,"column":8},"end":{"line":37,"column":61}},"4":{"start":{"line":38,"column":8},"end":{"line":38,"column":49}},"5":{"start":{"line":39,"column":8},"end":{"line":39,"column":141}},"6":{"start":{"line":49,"column":8},"end":{"line":49,"column":34}},"7":{"start":{"line":59,"column":8},"end":{"line":59,"column":29}},"8":{"start":{"line":69,"column":8},"end":{"line":69,"column":36}},"9":{"start":{"line":78,"column":8},"end":{"line":78,"column":76}},"10":{"start":{"line":79,"column":8},"end":{"line":79,"column":60}},"11":{"start":{"line":80,"column":8},"end":{"line":80,"column":33}},"12":{"start":{"line":90,"column":8},"end":{"line":90,"column":58}},"13":{"start":{"line":91,"column":8},"end":{"line":91,"column":30}},"14":{"start":{"line":92,"column":8},"end":{"line":92,"column":37}},"15":{"start":{"line":102,"column":8},"end":{"line":102,"column":58}},"16":{"start":{"line":103,"column":8},"end":{"line":103,"column":31}},"17":{"start":{"line":104,"column":8},"end":{"line":104,"column":39}}},"branchMap":{"1":{"line":21,"type":"if","locations":[{"start":{"line":21,"column":8},"end":{"line":21,"column":8}},{"start":{"line":21,"column":8},"end":{"line":21,"column":8}}]},"2":{"line":29,"type":"if","locations":[{"start":{"line":29,"column":8},"end":{"line":29,"column":8}},{"start":{"line":29,"column":8},"end":{"line":29,"column":8}}]},"3":{"line":39,"type":"if","locations":[{"start":{"line":39,"column":8},"end":{"line":39,"column":8}},{"start":{"line":39,"column":8},"end":{"line":39,"column":8}}]},"4":{"line":78,"type":"if","locations":[{"start":{"line":78,"column":8},"end":{"line":78,"column":8}},{"start":{"line":78,"column":8},"end":{"line":78,"column":8}}]},"5":{"line":90,"type":"if","locations":[{"start":{"line":90,"column":8},"end":{"line":90,"column":8}},{"start":{"line":90,"column":8},"end":{"line":90,"column":8}}]},"6":{"line":102,"type":"if","locations":[{"start":{"line":102,"column":8},"end":{"line":102,"column":8}},{"start":{"line":102,"column":8},"end":{"line":102,"column":8}}]}}},"contracts/libs/rbac/RBACData.sol":{"l":{"33":0,"47":242,"58":52,"59":52,"60":52,"61":52,"73":3,"74":3,"75":3,"76":3,"88":4,"102":66,"113":51,"114":51,"115":51,"116":51,"128":0,"129":0,"130":0,"131":0},"path":"/bitcar/platform/Backend/contracts/libs/rbac/RBACData.sol","s":{"1":242,"2":52,"3":52,"4":3,"5":3,"6":4,"7":66,"8":51,"9":51,"10":0,"11":0},"b":{"1":[52,0],"2":[3,0],"3":[51,0],"4":[0,0]},"f":{"1":0,"2":242,"3":52,"4":3,"5":4,"6":66,"7":51,"8":0},"fnMap":{"1":{"name":"checkRole","line":29,"loc":{"start":{"line":29,"column":4},"end":{"line":32,"column":18}}},"2":{"name":"hasRole","line":42,"loc":{"start":{"line":42,"column":4},"end":{"line":46,"column":28}}},"3":{"name":"addRole","line":55,"loc":{"start":{"line":55,"column":4},"end":{"line":57,"column":45}}},"4":{"name":"removeRole","line":70,"loc":{"start":{"line":70,"column":4},"end":{"line":72,"column":45}}},"5":{"name":"getRoleMembersCount","line":84,"loc":{"start":{"line":84,"column":4},"end":{"line":87,"column":31}}},"6":{"name":"isVerifiedUser","line":97,"loc":{"start":{"line":97,"column":4},"end":{"line":101,"column":28}}},"7":{"name":"verifyUser","line":110,"loc":{"start":{"line":110,"column":4},"end":{"line":112,"column":45}}},"8":{"name":"unVerifyUser","line":125,"loc":{"start":{"line":125,"column":4},"end":{"line":127,"column":45}}}},"statementMap":{"1":{"start":{"line":47,"column":8},"end":{"line":47,"column":42}},"2":{"start":{"line":58,"column":8},"end":{"line":58,"column":2029}},"3":{"start":{"line":61,"column":12},"end":{"line":61,"column":44}},"4":{"start":{"line":73,"column":8},"end":{"line":73,"column":2494}},"5":{"start":{"line":76,"column":12},"end":{"line":76,"column":46}},"6":{"start":{"line":88,"column":8},"end":{"line":88,"column":38}},"7":{"start":{"line":102,"column":8},"end":{"line":102,"column":47}},"8":{"start":{"line":113,"column":8},"end":{"line":113,"column":3848}},"9":{"start":{"line":116,"column":12},"end":{"line":116,"column":47}},"10":{"start":{"line":128,"column":8},"end":{"line":128,"column":4443}},"11":{"start":{"line":131,"column":12},"end":{"line":131,"column":49}}},"branchMap":{"1":{"line":58,"type":"if","locations":[{"start":{"line":58,"column":8},"end":{"line":58,"column":8}},{"start":{"line":58,"column":8},"end":{"line":58,"column":8}}]},"2":{"line":73,"type":"if","locations":[{"start":{"line":73,"column":8},"end":{"line":73,"column":8}},{"start":{"line":73,"column":8},"end":{"line":73,"column":8}}]},"3":{"line":113,"type":"if","locations":[{"start":{"line":113,"column":8},"end":{"line":113,"column":8}},{"start":{"line":113,"column":8},"end":{"line":113,"column":8}}]},"4":{"line":128,"type":"if","locations":[{"start":{"line":128,"column":8},"end":{"line":128,"column":8}},{"start":{"line":128,"column":8},"end":{"line":128,"column":8}}]}}},"contracts/libs/rbac/Roles.sol":{"l":{"21":52,"29":3,"39":0,"50":242,"58":51,"66":0,"77":66},"path":"/bitcar/platform/Backend/contracts/libs/rbac/Roles.sol","s":{"1":52,"2":3,"3":0,"4":242,"5":51,"6":0,"7":66},"b":{"1":[0,0]},"f":{"1":52,"2":3,"3":0,"4":242,"5":51,"6":0,"7":66},"fnMap":{"1":{"name":"add","line":19,"loc":{"start":{"line":19,"column":4},"end":{"line":20,"column":22}}},"2":{"name":"remove","line":27,"loc":{"start":{"line":27,"column":4},"end":{"line":28,"column":22}}},"3":{"name":"check","line":36,"loc":{"start":{"line":36,"column":4},"end":{"line":38,"column":18}}},"4":{"name":"has","line":46,"loc":{"start":{"line":46,"column":4},"end":{"line":49,"column":28}}},"5":{"name":"verify","line":56,"loc":{"start":{"line":56,"column":4},"end":{"line":57,"column":22}}},"6":{"name":"unverify","line":64,"loc":{"start":{"line":64,"column":4},"end":{"line":65,"column":22}}},"7":{"name":"verified","line":73,"loc":{"start":{"line":73,"column":4},"end":{"line":76,"column":28}}}},"statementMap":{"1":{"start":{"line":21,"column":8},"end":{"line":21,"column":32}},"2":{"start":{"line":29,"column":8},"end":{"line":29,"column":33}},"3":{"start":{"line":39,"column":8},"end":{"line":39,"column":92}},"4":{"start":{"line":50,"column":8},"end":{"line":50,"column":33}},"5":{"start":{"line":58,"column":8},"end":{"line":58,"column":41}},"6":{"start":{"line":66,"column":8},"end":{"line":66,"column":42}},"7":{"start":{"line":77,"column":8},"end":{"line":77,"column":42}}},"branchMap":{"1":{"line":39,"type":"if","locations":[{"start":{"line":39,"column":8},"end":{"line":39,"column":8}},{"start":{"line":39,"column":8},"end":{"line":39,"column":8}}]}}},"contracts/libs/Wallet.sol":{"l":{"19":0,"30":0,"31":0,"32":0,"42":0},"path":"/bitcar/platform/Backend/contracts/libs/Wallet.sol","s":{"1":0,"2":0,"3":0,"4":0},"b":{"1":[0,0]},"f":{"1":0,"2":0,"3":0},"fnMap":{"1":{"name":null,"line":16,"loc":{"start":{"line":16,"column":4},"end":{"line":18,"column":20}}},"2":{"name":"withdraw","line":27,"loc":{"start":{"line":27,"column":4},"end":{"line":29,"column":45}}},"3":{"name":"getBalance","line":38,"loc":{"start":{"line":38,"column":4},"end":{"line":41,"column":31}}}},"statementMap":{"1":{"start":{"line":19,"column":8},"end":{"line":19,"column":50}},"2":{"start":{"line":30,"column":8},"end":{"line":30,"column":80}},"3":{"start":{"line":32,"column":8},"end":{"line":32,"column":50}},"4":{"start":{"line":42,"column":8},"end":{"line":42,"column":36}}},"branchMap":{"1":{"line":30,"type":"if","locations":[{"start":{"line":30,"column":8},"end":{"line":30,"column":8}},{"start":{"line":30,"column":8},"end":{"line":30,"column":8}}]}}},"contracts/lifecycle/AssetBallot.sol":{"l":{"40":0,"41":0,"42":0,"43":0,"68":0,"69":0,"70":0,"72":0,"73":0,"74":0,"75":0,"76":0,"77":0,"89":0,"90":0,"91":0,"93":0,"94":0,"95":0,"98":0,"99":0,"101":0,"120":0,"121":0,"122":0,"124":0,"125":0,"126":0,"136":0,"146":0,"156":0,"166":0},"path":"/bitcar/platform/Backend/contracts/lifecycle/AssetBallot.sol","s":{"1":0,"2":0,"3":0,"4":0,"5":0,"6":0,"7":0,"8":0,"9":0,"10":0,"11":0,"12":0,"13":0,"14":0,"15":0,"16":0,"17":0,"18":0,"19":0,"20":0,"21":0,"22":0,"23":0,"24":0,"25":0,"26":0,"27":0,"28":0,"29":0,"30":0,"31":0},"b":{"1":[0,0],"2":[0,0],"3":[0,0],"4":[0,0],"5":[0,0],"6":[0,0],"7":[0,0]},"f":{"1":0,"2":0,"3":0,"4":0,"5":0,"6":0,"7":0,"8":0},"fnMap":{"1":{"name":"onlyTokenHolders","line":39,"loc":{"start":{"line":39,"column":4},"end":{"line":39,"column":29}}},"2":{"name":null,"line":54,"loc":{"start":{"line":54,"column":4},"end":{"line":66,"column":26}}},"3":{"name":"sellAssetVote","line":83,"loc":{"start":{"line":83,"column":4},"end":{"line":88,"column":28}}},"4":{"name":"keepAssetVote","line":114,"loc":{"start":{"line":114,"column":4},"end":{"line":119,"column":28}}},"5":{"name":"getTradingPeriodDuration","line":132,"loc":{"start":{"line":132,"column":4},"end":{"line":135,"column":31}}},"6":{"name":"getVotingPeriodDuration","line":142,"loc":{"start":{"line":142,"column":4},"end":{"line":145,"column":31}}},"7":{"name":"isInTradingPeriod","line":152,"loc":{"start":{"line":152,"column":4},"end":{"line":155,"column":28}}},"8":{"name":"getAssetToken","line":162,"loc":{"start":{"line":162,"column":4},"end":{"line":165,"column":31}}}},"statementMap":{"1":{"start":{"line":40,"column":8},"end":{"line":40,"column":64}},"2":{"start":{"line":41,"column":8},"end":{"line":41,"column":84}},"3":{"start":{"line":42,"column":8},"end":{"line":42,"column":100}},"4":{"start":{"line":68,"column":8},"end":{"line":68,"column":86}},"5":{"start":{"line":69,"column":8},"end":{"line":69,"column":66}},"6":{"start":{"line":70,"column":8},"end":{"line":70,"column":64}},"7":{"start":{"line":72,"column":8},"end":{"line":72,"column":43}},"8":{"start":{"line":73,"column":8},"end":{"line":73,"column":37}},"9":{"start":{"line":74,"column":8},"end":{"line":74,"column":32}},"10":{"start":{"line":75,"column":8},"end":{"line":75,"column":37}},"11":{"start":{"line":76,"column":8},"end":{"line":76,"column":32}},"12":{"start":{"line":77,"column":8},"end":{"line":77,"column":106}},"13":{"start":{"line":89,"column":8},"end":{"line":89,"column":3116}},"14":{"start":{"line":90,"column":12},"end":{"line":90,"column":41}},"15":{"start":{"line":91,"column":12},"end":{"line":91,"column":45}},"16":{"start":{"line":93,"column":8},"end":{"line":93,"column":69}},"17":{"start":{"line":94,"column":8},"end":{"line":94,"column":70}},"18":{"start":{"line":95,"column":8},"end":{"line":95,"column":61}},"19":{"start":{"line":98,"column":8},"end":{"line":98,"column":3565}},"20":{"start":{"line":99,"column":12},"end":{"line":99,"column":24}},"21":{"start":{"line":101,"column":12},"end":{"line":101,"column":3765}},"22":{"start":{"line":120,"column":8},"end":{"line":120,"column":4319}},"23":{"start":{"line":121,"column":12},"end":{"line":121,"column":41}},"24":{"start":{"line":122,"column":12},"end":{"line":122,"column":45}},"25":{"start":{"line":124,"column":8},"end":{"line":124,"column":69}},"26":{"start":{"line":125,"column":8},"end":{"line":125,"column":70}},"27":{"start":{"line":126,"column":8},"end":{"line":126,"column":61}},"28":{"start":{"line":136,"column":8},"end":{"line":136,"column":24}},"29":{"start":{"line":146,"column":8},"end":{"line":146,"column":24}},"30":{"start":{"line":156,"column":8},"end":{"line":156,"column":30}},"31":{"start":{"line":166,"column":8},"end":{"line":166,"column":34}}},"branchMap":{"1":{"line":42,"type":"if","locations":[{"start":{"line":42,"column":8},"end":{"line":42,"column":8}},{"start":{"line":42,"column":8},"end":{"line":42,"column":8}}]},"2":{"line":68,"type":"if","locations":[{"start":{"line":68,"column":8},"end":{"line":68,"column":8}},{"start":{"line":68,"column":8},"end":{"line":68,"column":8}}]},"3":{"line":69,"type":"if","locations":[{"start":{"line":69,"column":8},"end":{"line":69,"column":8}},{"start":{"line":69,"column":8},"end":{"line":69,"column":8}}]},"4":{"line":70,"type":"if","locations":[{"start":{"line":70,"column":8},"end":{"line":70,"column":8}},{"start":{"line":70,"column":8},"end":{"line":70,"column":8}}]},"5":{"line":89,"type":"if","locations":[{"start":{"line":89,"column":8},"end":{"line":89,"column":8}},{"start":{"line":89,"column":8},"end":{"line":89,"column":8}}]},"6":{"line":98,"type":"if","locations":[{"start":{"line":98,"column":8},"end":{"line":98,"column":8}},{"start":{"line":98,"column":8},"end":{"line":98,"column":8}}]},"7":{"line":120,"type":"if","locations":[{"start":{"line":120,"column":8},"end":{"line":120,"column":8}},{"start":{"line":120,"column":8},"end":{"line":120,"column":8}}]}}},"contracts/lifecycle/CyclicPausable.sol":{"l":{"29":18,"30":17,"37":5,"38":5,"45":5,"46":5,"53":17,"54":17,"72":9,"73":9,"74":9,"84":982,"85":982,"97":520,"98":520,"110":976,"123":496,"135":462},"path":"/bitcar/platform/Backend/contracts/lifecycle/CyclicPausable.sol","s":{"1":18,"2":5,"3":5,"4":17,"5":9,"6":9,"7":9,"8":982,"9":982,"10":520,"11":520,"12":976,"13":496,"14":462},"b":{"1":[17,1],"2":[5,0],"3":[5,0],"4":[17,0]},"f":{"1":18,"2":5,"3":5,"4":17,"5":9,"6":982,"7":520,"8":976,"9":496,"10":462},"fnMap":{"1":{"name":"whileIsInUpperWave","line":28,"loc":{"start":{"line":28,"column":4},"end":{"line":28,"column":31}}},"2":{"name":"whileIsInLowerWave","line":36,"loc":{"start":{"line":36,"column":4},"end":{"line":36,"column":31}}},"3":{"name":"isNotLastCycle","line":44,"loc":{"start":{"line":44,"column":4},"end":{"line":44,"column":27}}},"4":{"name":"withinLifespan","line":52,"loc":{"start":{"line":52,"column":4},"end":{"line":52,"column":27}}},"5":{"name":null,"line":63,"loc":{"start":{"line":63,"column":4},"end":{"line":71,"column":26}}},"6":{"name":"getR","line":80,"loc":{"start":{"line":80,"column":4},"end":{"line":83,"column":31}}},"7":{"name":"isInUpperWave","line":91,"loc":{"start":{"line":91,"column":4},"end":{"line":96,"column":28}}},"8":{"name":"getCycle","line":104,"loc":{"start":{"line":104,"column":4},"end":{"line":109,"column":31}}},"9":{"name":"isWithinLifespan","line":117,"loc":{"start":{"line":117,"column":4},"end":{"line":122,"column":28}}},"10":{"name":"getCycleProgress","line":129,"loc":{"start":{"line":129,"column":4},"end":{"line":134,"column":31}}}},"statementMap":{"1":{"start":{"line":29,"column":8},"end":{"line":29,"column":107}},"2":{"start":{"line":37,"column":8},"end":{"line":37,"column":108}},"3":{"start":{"line":45,"column":8},"end":{"line":45,"column":77}},"4":{"start":{"line":53,"column":8},"end":{"line":53,"column":66}},"5":{"start":{"line":72,"column":8},"end":{"line":72,"column":29}},"6":{"start":{"line":73,"column":8},"end":{"line":73,"column":29}},"7":{"start":{"line":74,"column":8},"end":{"line":74,"column":29}},"8":{"start":{"line":84,"column":8},"end":{"line":84,"column":41}},"9":{"start":{"line":85,"column":8},"end":{"line":85,"column":84}},"10":{"start":{"line":97,"column":8},"end":{"line":97,"column":25}},"11":{"start":{"line":98,"column":8},"end":{"line":98,"column":80}},"12":{"start":{"line":110,"column":8},"end":{"line":110,"column":66}},"13":{"start":{"line":123,"column":8},"end":{"line":123,"column":58}},"14":{"start":{"line":135,"column":8},"end":{"line":135,"column":57}}},"branchMap":{"1":{"line":29,"type":"if","locations":[{"start":{"line":29,"column":8},"end":{"line":29,"column":8}},{"start":{"line":29,"column":8},"end":{"line":29,"column":8}}]},"2":{"line":37,"type":"if","locations":[{"start":{"line":37,"column":8},"end":{"line":37,"column":8}},{"start":{"line":37,"column":8},"end":{"line":37,"column":8}}]},"3":{"line":45,"type":"if","locations":[{"start":{"line":45,"column":8},"end":{"line":45,"column":8}},{"start":{"line":45,"column":8},"end":{"line":45,"column":8}}]},"4":{"line":53,"type":"if","locations":[{"start":{"line":53,"column":8},"end":{"line":53,"column":8}},{"start":{"line":53,"column":8},"end":{"line":53,"column":8}}]}}},"contracts/lifecycle/Pausable.sol":{"l":{"21":33,"22":33,"29":0,"30":0,"48":0,"49":0,"59":0,"60":0},"path":"/bitcar/platform/Backend/contracts/lifecycle/Pausable.sol","s":{"1":33,"2":0,"3":0,"4":0,"5":0,"6":0},"b":{"1":[33,0],"2":[0,0]},"f":{"1":33,"2":0,"3":12,"4":0,"5":0},"fnMap":{"1":{"name":"whenNotPaused","line":20,"loc":{"start":{"line":20,"column":4},"end":{"line":20,"column":26}}},"2":{"name":"whenPaused","line":28,"loc":{"start":{"line":28,"column":4},"end":{"line":28,"column":23}}},"3":{"name":null,"line":36,"loc":{"start":{"line":36,"column":4},"end":{"line":38,"column":29}}},"4":{"name":"pause","line":44,"loc":{"start":{"line":44,"column":4},"end":{"line":47,"column":27}}},"5":{"name":"resume","line":55,"loc":{"start":{"line":55,"column":4},"end":{"line":58,"column":24}}}},"statementMap":{"1":{"start":{"line":21,"column":8},"end":{"line":21,"column":45}},"2":{"start":{"line":29,"column":8},"end":{"line":29,"column":48}},"3":{"start":{"line":48,"column":8},"end":{"line":48,"column":20}},"4":{"start":{"line":49,"column":8},"end":{"line":49,"column":20}},"5":{"start":{"line":59,"column":8},"end":{"line":59,"column":21}},"6":{"start":{"line":60,"column":8},"end":{"line":60,"column":21}}},"branchMap":{"1":{"line":21,"type":"if","locations":[{"start":{"line":21,"column":8},"end":{"line":21,"column":8}},{"start":{"line":21,"column":8},"end":{"line":21,"column":8}}]},"2":{"line":29,"type":"if","locations":[{"start":{"line":29,"column":8},"end":{"line":29,"column":8}},{"start":{"line":29,"column":8},"end":{"line":29,"column":8}}]}}},"contracts/lifecycle/TimePausable.sol":{"l":{"27":2567,"28":2558,"35":2454,"36":2454,"44":0,"45":0,"52":0,"53":0,"66":10,"77":101,"87":0,"97":3,"107":2488,"117":9,"118":9,"119":9},"path":"/bitcar/platform/Backend/contracts/lifecycle/TimePausable.sol","s":{"1":2567,"2":2454,"3":0,"4":0,"5":10,"6":101,"7":0,"8":3,"9":2488,"10":9,"11":9,"12":9},"b":{"1":[2558,9],"2":[2454,0],"3":[0,0],"4":[0,0],"5":[9,0]},"f":{"1":2567,"2":2454,"3":0,"4":0,"5":10,"6":101,"7":0,"8":3,"9":2488,"10":9},"fnMap":{"1":{"name":"onlyIfActivated","line":26,"loc":{"start":{"line":26,"column":4},"end":{"line":26,"column":28}}},"2":{"name":"onlyIfDeltaHasExpired","line":34,"loc":{"start":{"line":34,"column":4},"end":{"line":34,"column":34}}},"3":{"name":"whileExpires","line":43,"loc":{"start":{"line":43,"column":4},"end":{"line":43,"column":25}}},"4":{"name":"whileAlreadyExpired","line":51,"loc":{"start":{"line":51,"column":4},"end":{"line":51,"column":32}}},"5":{"name":null,"line":61,"loc":{"start":{"line":61,"column":4},"end":{"line":65,"column":31}}},"6":{"name":"hasExpired","line":72,"loc":{"start":{"line":72,"column":4},"end":{"line":76,"column":28}}},"7":{"name":"enableTimeValidation","line":83,"loc":{"start":{"line":83,"column":4},"end":{"line":86,"column":29}}},"8":{"name":"disableTimeValidation","line":93,"loc":{"start":{"line":93,"column":4},"end":{"line":96,"column":29}}},"9":{"name":"hasDeltaExpired","line":103,"loc":{"start":{"line":103,"column":4},"end":{"line":106,"column":28}}},"10":{"name":"activate","line":114,"loc":{"start":{"line":114,"column":4},"end":{"line":116,"column":45}}}},"statementMap":{"1":{"start":{"line":27,"column":8},"end":{"line":27,"column":75}},"2":{"start":{"line":35,"column":8},"end":{"line":35,"column":61}},"3":{"start":{"line":44,"column":8},"end":{"line":44,"column":82}},"4":{"start":{"line":52,"column":8},"end":{"line":52,"column":81}},"5":{"start":{"line":66,"column":8},"end":{"line":66,"column":31}},"6":{"start":{"line":77,"column":8},"end":{"line":77,"column":58}},"7":{"start":{"line":87,"column":8},"end":{"line":87,"column":23}},"8":{"start":{"line":97,"column":8},"end":{"line":97,"column":22}},"9":{"start":{"line":107,"column":8},"end":{"line":107,"column":41}},"10":{"start":{"line":117,"column":8},"end":{"line":117,"column":3282}},"11":{"start":{"line":118,"column":12},"end":{"line":118,"column":43}},"12":{"start":{"line":119,"column":12},"end":{"line":119,"column":27}}},"branchMap":{"1":{"line":27,"type":"if","locations":[{"start":{"line":27,"column":8},"end":{"line":27,"column":8}},{"start":{"line":27,"column":8},"end":{"line":27,"column":8}}]},"2":{"line":35,"type":"if","locations":[{"start":{"line":35,"column":8},"end":{"line":35,"column":8}},{"start":{"line":35,"column":8},"end":{"line":35,"column":8}}]},"3":{"line":44,"type":"if","locations":[{"start":{"line":44,"column":8},"end":{"line":44,"column":8}},{"start":{"line":44,"column":8},"end":{"line":44,"column":8}}]},"4":{"line":52,"type":"if","locations":[{"start":{"line":52,"column":8},"end":{"line":52,"column":8}},{"start":{"line":52,"column":8},"end":{"line":52,"column":8}}]},"5":{"line":117,"type":"if","locations":[{"start":{"line":117,"column":8},"end":{"line":117,"column":8}},{"start":{"line":117,"column":8},"end":{"line":117,"column":8}}]}}},"contracts/platform/Asset.sol":{"l":{"31":15,"32":15,"89":5,"90":5,"92":5,"94":5,"96":5,"98":5,"100":5,"102":5,"104":5,"106":5,"135":6,"137":6,"153":6,"154":6,"156":6,"164":6,"165":6,"166":6,"167":6,"169":6,"170":6,"179":0,"181":0,"191":5,"192":5,"193":5,"194":5,"196":5,"197":5,"199":5,"210":30,"221":10,"222":0,"226":10,"227":0,"231":10,"232":0,"235":10,"236":0,"239":10,"263":11,"264":11,"265":10,"268":10,"269":10,"272":10,"273":10,"274":10,"277":10,"280":10,"283":10,"286":10,"289":10,"290":10,"291":10,"295":10,"297":9,"302":9,"303":9,"304":9,"308":2,"309":2,"311":2,"321":7,"323":7,"324":5,"327":7,"329":7,"341":8,"342":8,"344":8,"345":1,"346":1,"347":1,"350":7,"351":6,"352":6,"353":6,"355":6,"356":6,"365":6,"367":6,"368":1,"369":1,"370":1,"373":5,"374":5,"376":5,"380":20,"381":20,"391":30,"399":6,"407":6,"415":0},"path":"/bitcar/platform/Backend/contracts/platform/Asset.sol","s":{"1":15,"2":5,"3":5,"4":5,"5":5,"6":5,"7":5,"8":5,"9":5,"10":5,"11":5,"12":6,"13":6,"14":6,"15":6,"16":6,"17":6,"18":6,"19":6,"20":6,"21":6,"22":0,"23":0,"24":5,"25":5,"26":5,"27":5,"28":5,"29":5,"30":5,"31":30,"32":10,"33":0,"34":10,"35":0,"36":10,"37":0,"38":10,"39":0,"40":10,"41":11,"42":11,"43":10,"44":10,"45":10,"46":10,"47":10,"48":10,"49":10,"50":10,"51":10,"52":10,"53":10,"54":10,"55":10,"56":9,"57":9,"58":9,"59":9,"60":2,"61":2,"62":2,"63":7,"64":7,"65":5,"66":7,"67":7,"68":8,"69":8,"70":8,"71":1,"72":1,"73":7,"74":6,"75":6,"76":6,"77":6,"78":6,"79":6,"80":6,"81":1,"82":1,"83":5,"84":5,"85":20,"86":20,"87":30,"88":6,"89":6,"90":0},"b":{"1":[15,0],"2":[5,0],"3":[5,0],"4":[5,0],"5":[6,0],"6":[6,0],"7":[6,0],"8":[6,0],"9":[6,0],"10":[6,0],"11":[6,0],"12":[0,0],"13":[5,0],"14":[5,0],"15":[5,0],"16":[5,0],"17":[0,10],"18":[0,10],"19":[0,10],"20":[0,10],"21":[11,0],"22":[10,1],"23":[10,0],"24":[10,0],"25":[10,0],"26":[10,0],"27":[10,0],"28":[10,0],"29":[10,0],"30":[9,1],"31":[2,0],"32":[2,0],"33":[7,0],"34":[5,2],"35":[7,0],"36":[8,0],"37":[8,0],"38":[1,7],"39":[6,1],"40":[6,0],"41":[6,0],"42":[6,0],"43":[6,0],"44":[1,5]},"f":{"1":15,"2":5,"3":6,"4":6,"5":6,"6":0,"7":5,"8":30,"9":10,"10":11,"11":2,"12":7,"13":8,"14":6,"15":20,"16":30,"17":6,"18":6,"19":0},"fnMap":{"1":{"name":"onlyAgent","line":30,"loc":{"start":{"line":30,"column":4},"end":{"line":30,"column":22}}},"2":{"name":null,"line":85,"loc":{"start":{"line":85,"column":4},"end":{"line":87,"column":46}}},"3":{"name":"createAssetToken","line":125,"loc":{"start":{"line":125,"column":4},"end":{"line":133,"column":31}}},"4":{"name":"createFeeManager","line":152,"loc":{"start":{"line":152,"column":4},"end":{"line":152,"column":47}}},"5":{"name":"createWhitelist","line":163,"loc":{"start":{"line":163,"column":4},"end":{"line":163,"column":46}}},"6":{"name":"setMinTokenPercentage","line":178,"loc":{"start":{"line":178,"column":4},"end":{"line":178,"column":77}}},"7":{"name":"setPurchasePercentages","line":190,"loc":{"start":{"line":190,"column":4},"end":{"line":190,"column":101}}},"8":{"name":"getFeeForAmount","line":209,"loc":{"start":{"line":209,"column":4},"end":{"line":209,"column":90}}},"9":{"name":"canBuyAssetTokens","line":219,"loc":{"start":{"line":219,"column":4},"end":{"line":219,"column":94}}},"10":{"name":"buyAssetTokens","line":262,"loc":{"start":{"line":262,"column":4},"end":{"line":262,"column":69}}},"11":{"name":"setDataHash","line":307,"loc":{"start":{"line":307,"column":4},"end":{"line":307,"column":53}}},"12":{"name":"agentApproveData","line":320,"loc":{"start":{"line":320,"column":4},"end":{"line":320,"column":66}}},"13":{"name":"adminApproveData","line":340,"loc":{"start":{"line":340,"column":4},"end":{"line":340,"column":90}}},"14":{"name":"approveContractCreation","line":364,"loc":{"start":{"line":364,"column":4},"end":{"line":364,"column":67}}},"15":{"name":"setState","line":379,"loc":{"start":{"line":379,"column":4},"end":{"line":379,"column":44}}},"16":{"name":"getTokenAddress","line":390,"loc":{"start":{"line":390,"column":4},"end":{"line":390,"column":58}}},"17":{"name":"getFeeManagerAddress","line":398,"loc":{"start":{"line":398,"column":4},"end":{"line":398,"column":63}}},"18":{"name":"getAgent","line":406,"loc":{"start":{"line":406,"column":4},"end":{"line":406,"column":51}}},"19":{"name":"getWhitelistAddress","line":414,"loc":{"start":{"line":414,"column":4},"end":{"line":414,"column":61}}}},"statementMap":{"1":{"start":{"line":31,"column":8},"end":{"line":31,"column":56}},"2":{"start":{"line":89,"column":8},"end":{"line":89,"column":37}},"3":{"start":{"line":90,"column":8},"end":{"line":90,"column":36}},"4":{"start":{"line":92,"column":8},"end":{"line":92,"column":33}},"5":{"start":{"line":94,"column":8},"end":{"line":94,"column":64}},"6":{"start":{"line":96,"column":8},"end":{"line":96,"column":21}},"7":{"start":{"line":98,"column":8},"end":{"line":98,"column":84}},"8":{"start":{"line":100,"column":8},"end":{"line":100,"column":73}},"9":{"start":{"line":102,"column":8},"end":{"line":102,"column":84}},"10":{"start":{"line":104,"column":8},"end":{"line":104,"column":52}},"11":{"start":{"line":106,"column":8},"end":{"line":106,"column":96}},"12":{"start":{"line":135,"column":8},"end":{"line":135,"column":95}},"13":{"start":{"line":137,"column":8},"end":{"line":137,"column":4376}},"14":{"start":{"line":153,"column":8},"end":{"line":153,"column":95}},"15":{"start":{"line":154,"column":8},"end":{"line":154,"column":100}},"16":{"start":{"line":156,"column":8},"end":{"line":156,"column":59}},"17":{"start":{"line":164,"column":8},"end":{"line":164,"column":93}},"18":{"start":{"line":165,"column":8},"end":{"line":165,"column":100}},"19":{"start":{"line":166,"column":8},"end":{"line":166,"column":103}},"20":{"start":{"line":167,"column":8},"end":{"line":167,"column":100}},"21":{"start":{"line":169,"column":8},"end":{"line":169,"column":101}},"22":{"start":{"line":179,"column":8},"end":{"line":179,"column":78}},"23":{"start":{"line":181,"column":8},"end":{"line":181,"column":47}},"24":{"start":{"line":191,"column":8},"end":{"line":191,"column":95}},"25":{"start":{"line":192,"column":8},"end":{"line":192,"column":109}},"26":{"start":{"line":193,"column":8},"end":{"line":193,"column":63}},"27":{"start":{"line":194,"column":8},"end":{"line":194,"column":94}},"28":{"start":{"line":196,"column":8},"end":{"line":196,"column":41}},"29":{"start":{"line":197,"column":8},"end":{"line":197,"column":37}},"30":{"start":{"line":199,"column":8},"end":{"line":199,"column":51}},"31":{"start":{"line":210,"column":8},"end":{"line":210,"column":67}},"32":{"start":{"line":221,"column":8},"end":{"line":221,"column":8174}},"33":{"start":{"line":222,"column":12},"end":{"line":222,"column":24}},"34":{"start":{"line":226,"column":8},"end":{"line":226,"column":8322}},"35":{"start":{"line":227,"column":12},"end":{"line":227,"column":24}},"36":{"start":{"line":231,"column":8},"end":{"line":231,"column":8477}},"37":{"start":{"line":232,"column":12},"end":{"line":232,"column":24}},"38":{"start":{"line":235,"column":8},"end":{"line":235,"column":8601}},"39":{"start":{"line":236,"column":12},"end":{"line":236,"column":24}},"40":{"start":{"line":239,"column":8},"end":{"line":239,"column":19}},"41":{"start":{"line":263,"column":8},"end":{"line":263,"column":58}},"42":{"start":{"line":264,"column":8},"end":{"line":264,"column":100}},"43":{"start":{"line":265,"column":8},"end":{"line":265,"column":49}},"44":{"start":{"line":268,"column":8},"end":{"line":268,"column":87}},"45":{"start":{"line":269,"column":8},"end":{"line":269,"column":95}},"46":{"start":{"line":272,"column":8},"end":{"line":272,"column":96}},"47":{"start":{"line":273,"column":8},"end":{"line":273,"column":96}},"48":{"start":{"line":274,"column":8},"end":{"line":274,"column":96}},"49":{"start":{"line":277,"column":8},"end":{"line":277,"column":127}},"50":{"start":{"line":280,"column":8},"end":{"line":280,"column":92}},"51":{"start":{"line":283,"column":8},"end":{"line":283,"column":135}},"52":{"start":{"line":289,"column":8},"end":{"line":289,"column":135}},"53":{"start":{"line":290,"column":8},"end":{"line":290,"column":135}},"54":{"start":{"line":291,"column":8},"end":{"line":291,"column":135}},"55":{"start":{"line":295,"column":8},"end":{"line":295,"column":117}},"56":{"start":{"line":297,"column":8},"end":{"line":297,"column":64}},"57":{"start":{"line":302,"column":8},"end":{"line":302,"column":39}},"58":{"start":{"line":303,"column":8},"end":{"line":303,"column":39}},"59":{"start":{"line":304,"column":8},"end":{"line":304,"column":39}},"60":{"start":{"line":308,"column":8},"end":{"line":308,"column":108}},"61":{"start":{"line":309,"column":8},"end":{"line":309,"column":60}},"62":{"start":{"line":311,"column":8},"end":{"line":311,"column":23}},"63":{"start":{"line":321,"column":8},"end":{"line":321,"column":108}},"64":{"start":{"line":323,"column":8},"end":{"line":323,"column":13027}},"65":{"start":{"line":324,"column":12},"end":{"line":324,"column":35}},"66":{"start":{"line":327,"column":8},"end":{"line":327,"column":63}},"67":{"start":{"line":329,"column":8},"end":{"line":329,"column":44}},"68":{"start":{"line":341,"column":8},"end":{"line":341,"column":91}},"69":{"start":{"line":342,"column":8},"end":{"line":342,"column":78}},"70":{"start":{"line":344,"column":8},"end":{"line":344,"column":13988}},"71":{"start":{"line":345,"column":12},"end":{"line":345,"column":48}},"72":{"start":{"line":347,"column":12},"end":{"line":347,"column":18}},"73":{"start":{"line":350,"column":8},"end":{"line":350,"column":106}},"74":{"start":{"line":351,"column":8},"end":{"line":351,"column":106}},"75":{"start":{"line":352,"column":8},"end":{"line":352,"column":94}},"76":{"start":{"line":353,"column":8},"end":{"line":353,"column":110}},"77":{"start":{"line":355,"column":8},"end":{"line":355,"column":48}},"78":{"start":{"line":356,"column":8},"end":{"line":356,"column":47}},"79":{"start":{"line":365,"column":8},"end":{"line":365,"column":95}},"80":{"start":{"line":367,"column":8},"end":{"line":367,"column":15011}},"81":{"start":{"line":368,"column":12},"end":{"line":368,"column":48}},"82":{"start":{"line":370,"column":12},"end":{"line":370,"column":18}},"83":{"start":{"line":373,"column":8},"end":{"line":373,"column":21}},"84":{"start":{"line":374,"column":8},"end":{"line":374,"column":31}},"85":{"start":{"line":380,"column":8},"end":{"line":380,"column":21}},"86":{"start":{"line":381,"column":8},"end":{"line":381,"column":33}},"87":{"start":{"line":391,"column":8},"end":{"line":391,"column":34}},"88":{"start":{"line":399,"column":8},"end":{"line":399,"column":34}},"89":{"start":{"line":407,"column":8},"end":{"line":407,"column":20}},"90":{"start":{"line":415,"column":8},"end":{"line":415,"column":38}}},"branchMap":{"1":{"line":31,"type":"if","locations":[{"start":{"line":31,"column":8},"end":{"line":31,"column":8}},{"start":{"line":31,"column":8},"end":{"line":31,"column":8}}]},"2":{"line":89,"type":"if","locations":[{"start":{"line":89,"column":8},"end":{"line":89,"column":8}},{"start":{"line":89,"column":8},"end":{"line":89,"column":8}}]},"3":{"line":90,"type":"if","locations":[{"start":{"line":90,"column":8},"end":{"line":90,"column":8}},{"start":{"line":90,"column":8},"end":{"line":90,"column":8}}]},"4":{"line":94,"type":"if","locations":[{"start":{"line":94,"column":8},"end":{"line":94,"column":8}},{"start":{"line":94,"column":8},"end":{"line":94,"column":8}}]},"5":{"line":135,"type":"if","locations":[{"start":{"line":135,"column":8},"end":{"line":135,"column":8}},{"start":{"line":135,"column":8},"end":{"line":135,"column":8}}]},"6":{"line":153,"type":"if","locations":[{"start":{"line":153,"column":8},"end":{"line":153,"column":8}},{"start":{"line":153,"column":8},"end":{"line":153,"column":8}}]},"7":{"line":154,"type":"if","locations":[{"start":{"line":154,"column":8},"end":{"line":154,"column":8}},{"start":{"line":154,"column":8},"end":{"line":154,"column":8}}]},"8":{"line":164,"type":"if","locations":[{"start":{"line":164,"column":8},"end":{"line":164,"column":8}},{"start":{"line":164,"column":8},"end":{"line":164,"column":8}}]},"9":{"line":165,"type":"if","locations":[{"start":{"line":165,"column":8},"end":{"line":165,"column":8}},{"start":{"line":165,"column":8},"end":{"line":165,"column":8}}]},"10":{"line":166,"type":"if","locations":[{"start":{"line":166,"column":8},"end":{"line":166,"column":8}},{"start":{"line":166,"column":8},"end":{"line":166,"column":8}}]},"11":{"line":167,"type":"if","locations":[{"start":{"line":167,"column":8},"end":{"line":167,"column":8}},{"start":{"line":167,"column":8},"end":{"line":167,"column":8}}]},"12":{"line":179,"type":"if","locations":[{"start":{"line":179,"column":8},"end":{"line":179,"column":8}},{"start":{"line":179,"column":8},"end":{"line":179,"column":8}}]},"13":{"line":191,"type":"if","locations":[{"start":{"line":191,"column":8},"end":{"line":191,"column":8}},{"start":{"line":191,"column":8},"end":{"line":191,"column":8}}]},"14":{"line":192,"type":"if","locations":[{"start":{"line":192,"column":8},"end":{"line":192,"column":8}},{"start":{"line":192,"column":8},"end":{"line":192,"column":8}}]},"15":{"line":193,"type":"if","locations":[{"start":{"line":193,"column":8},"end":{"line":193,"column":8}},{"start":{"line":193,"column":8},"end":{"line":193,"column":8}}]},"16":{"line":194,"type":"if","locations":[{"start":{"line":194,"column":8},"end":{"line":194,"column":8}},{"start":{"line":194,"column":8},"end":{"line":194,"column":8}}]},"17":{"line":221,"type":"if","locations":[{"start":{"line":221,"column":8},"end":{"line":221,"column":8}},{"start":{"line":221,"column":8},"end":{"line":221,"column":8}}]},"18":{"line":226,"type":"if","locations":[{"start":{"line":226,"column":8},"end":{"line":226,"column":8}},{"start":{"line":226,"column":8},"end":{"line":226,"column":8}}]},"19":{"line":231,"type":"if","locations":[{"start":{"line":231,"column":8},"end":{"line":231,"column":8}},{"start":{"line":231,"column":8},"end":{"line":231,"column":8}}]},"20":{"line":235,"type":"if","locations":[{"start":{"line":235,"column":8},"end":{"line":235,"column":8}},{"start":{"line":235,"column":8},"end":{"line":235,"column":8}}]},"21":{"line":263,"type":"if","locations":[{"start":{"line":263,"column":8},"end":{"line":263,"column":8}},{"start":{"line":263,"column":8},"end":{"line":263,"column":8}}]},"22":{"line":264,"type":"if","locations":[{"start":{"line":264,"column":8},"end":{"line":264,"column":8}},{"start":{"line":264,"column":8},"end":{"line":264,"column":8}}]},"23":{"line":265,"type":"if","locations":[{"start":{"line":265,"column":8},"end":{"line":265,"column":8}},{"start":{"line":265,"column":8},"end":{"line":265,"column":8}}]},"24":{"line":277,"type":"if","locations":[{"start":{"line":277,"column":8},"end":{"line":277,"column":8}},{"start":{"line":277,"column":8},"end":{"line":277,"column":8}}]},"25":{"line":280,"type":"if","locations":[{"start":{"line":280,"column":8},"end":{"line":280,"column":8}},{"start":{"line":280,"column":8},"end":{"line":280,"column":8}}]},"26":{"line":283,"type":"if","locations":[{"start":{"line":283,"column":8},"end":{"line":283,"column":8}},{"start":{"line":283,"column":8},"end":{"line":283,"column":8}}]},"27":{"line":289,"type":"if","locations":[{"start":{"line":289,"column":8},"end":{"line":289,"column":8}},{"start":{"line":289,"column":8},"end":{"line":289,"column":8}}]},"28":{"line":290,"type":"if","locations":[{"start":{"line":290,"column":8},"end":{"line":290,"column":8}},{"start":{"line":290,"column":8},"end":{"line":290,"column":8}}]},"29":{"line":291,"type":"if","locations":[{"start":{"line":291,"column":8},"end":{"line":291,"column":8}},{"start":{"line":291,"column":8},"end":{"line":291,"column":8}}]},"30":{"line":295,"type":"if","locations":[{"start":{"line":295,"column":8},"end":{"line":295,"column":8}},{"start":{"line":295,"column":8},"end":{"line":295,"column":8}}]},"31":{"line":308,"type":"if","locations":[{"start":{"line":308,"column":8},"end":{"line":308,"column":8}},{"start":{"line":308,"column":8},"end":{"line":308,"column":8}}]},"32":{"line":309,"type":"if","locations":[{"start":{"line":309,"column":8},"end":{"line":309,"column":8}},{"start":{"line":309,"column":8},"end":{"line":309,"column":8}}]},"33":{"line":321,"type":"if","locations":[{"start":{"line":321,"column":8},"end":{"line":321,"column":8}},{"start":{"line":321,"column":8},"end":{"line":321,"column":8}}]},"34":{"line":323,"type":"if","locations":[{"start":{"line":323,"column":8},"end":{"line":323,"column":8}},{"start":{"line":323,"column":8},"end":{"line":323,"column":8}}]},"35":{"line":327,"type":"if","locations":[{"start":{"line":327,"column":8},"end":{"line":327,"column":8}},{"start":{"line":327,"column":8},"end":{"line":327,"column":8}}]},"36":{"line":341,"type":"if","locations":[{"start":{"line":341,"column":8},"end":{"line":341,"column":8}},{"start":{"line":341,"column":8},"end":{"line":341,"column":8}}]},"37":{"line":342,"type":"if","locations":[{"start":{"line":342,"column":8},"end":{"line":342,"column":8}},{"start":{"line":342,"column":8},"end":{"line":342,"column":8}}]},"38":{"line":344,"type":"if","locations":[{"start":{"line":344,"column":8},"end":{"line":344,"column":8}},{"start":{"line":344,"column":8},"end":{"line":344,"column":8}}]},"39":{"line":350,"type":"if","locations":[{"start":{"line":350,"column":8},"end":{"line":350,"column":8}},{"start":{"line":350,"column":8},"end":{"line":350,"column":8}}]},"40":{"line":351,"type":"if","locations":[{"start":{"line":351,"column":8},"end":{"line":351,"column":8}},{"start":{"line":351,"column":8},"end":{"line":351,"column":8}}]},"41":{"line":352,"type":"if","locations":[{"start":{"line":352,"column":8},"end":{"line":352,"column":8}},{"start":{"line":352,"column":8},"end":{"line":352,"column":8}}]},"42":{"line":353,"type":"if","locations":[{"start":{"line":353,"column":8},"end":{"line":353,"column":8}},{"start":{"line":353,"column":8},"end":{"line":353,"column":8}}]},"43":{"line":365,"type":"if","locations":[{"start":{"line":365,"column":8},"end":{"line":365,"column":8}},{"start":{"line":365,"column":8},"end":{"line":365,"column":8}}]},"44":{"line":367,"type":"if","locations":[{"start":{"line":367,"column":8},"end":{"line":367,"column":8}},{"start":{"line":367,"column":8},"end":{"line":367,"column":8}}]}}},"contracts/platform/BEE.sol":{"l":{"23":2,"24":2,"31":2,"32":1,"52":6,"53":6,"55":6,"56":6,"57":6,"59":6,"64":2,"65":1,"68":1,"69":1,"71":1,"73":1,"77":1,"78":1,"88":1,"91":1,"92":1,"94":1,"96":1,"98":1,"105":2,"109":0},"path":"/bitcar/platform/Backend/contracts/platform/BEE.sol","s":{"1":2,"2":2,"3":6,"4":6,"5":6,"6":6,"7":6,"8":6,"9":2,"10":1,"11":1,"12":1,"13":1,"14":1,"15":1,"16":1,"17":1,"18":1,"19":1,"20":1,"21":1,"22":2,"23":0},"b":{"1":[2,0],"2":[1,1],"3":[6,0],"4":[6,0],"5":[1,1],"6":[1,0],"7":[1,0],"8":[1,0]},"f":{"1":2,"2":2,"3":6,"4":2,"5":1,"6":0,"7":1,"8":0,"9":2,"10":0},"fnMap":{"1":{"name":"assetClaimsEnabled","line":22,"loc":{"start":{"line":22,"column":4},"end":{"line":22,"column":31}}},"2":{"name":"canSenderClaim","line":30,"loc":{"start":{"line":30,"column":4},"end":{"line":30,"column":27}}},"3":{"name":null,"line":51,"loc":{"start":{"line":51,"column":4},"end":{"line":51,"column":84}}},"4":{"name":"getRatio","line":63,"loc":{"start":{"line":63,"column":4},"end":{"line":63,"column":46}}},"5":{"name":"assetTokensToPlatformTokens","line":76,"loc":{"start":{"line":76,"column":4},"end":{"line":76,"column":80}}},"6":{"name":"claimEth","line":81,"loc":{"start":{"line":81,"column":4},"end":{"line":81,"column":28}}},"7":{"name":"claimPlatformTokens","line":87,"loc":{"start":{"line":87,"column":4},"end":{"line":87,"column":73}}},"8":{"name":"claimAssetTokens","line":101,"loc":{"start":{"line":101,"column":4},"end":{"line":101,"column":36}}},"9":{"name":"getPlatformTokenBalance","line":104,"loc":{"start":{"line":104,"column":4},"end":{"line":104,"column":66}}},"10":{"name":"getAssetTokenBalance","line":108,"loc":{"start":{"line":108,"column":4},"end":{"line":108,"column":63}}}},"statementMap":{"1":{"start":{"line":23,"column":8},"end":{"line":23,"column":81}},"2":{"start":{"line":31,"column":8},"end":{"line":31,"column":112}},"3":{"start":{"line":52,"column":8},"end":{"line":52,"column":37}},"4":{"start":{"line":53,"column":8},"end":{"line":53,"column":48}},"5":{"start":{"line":55,"column":8},"end":{"line":55,"column":33}},"6":{"start":{"line":56,"column":8},"end":{"line":56,"column":73}},"7":{"start":{"line":57,"column":8},"end":{"line":57,"column":51}},"8":{"start":{"line":59,"column":8},"end":{"line":59,"column":27}},"9":{"start":{"lin
[...]
nd":{"line":27,"column":8}},{"start":{"line":27,"column":8},"end":{"line":27,"column":8}}]},"2":{"line":81,"type":"if","locations":[{"start":{"line":81,"column":8},"end":{"line":81,"column":8}},{"start":{"line":81,"column":8},"end":{"line":81,"column":8}}]},"3":{"line":90,"type":"if","locations":[{"start":{"line":90,"column":8},"end":{"line":90,"column":8}},{"start":{"line":90,"column":8},"end":{"line":90,"column":8}}]},"4":{"line":111,"type":"if","locations":[{"start":{"line":111,"column":8},"end":{"line":111,"column":8}},{"start":{"line":111,"column":8},"end":{"line":111,"column":8}}]}}},"contracts/token/Asset/BaseAssetToken.sol":{"l":{"15":0,"42":7,"43":6,"50":17,"51":15,"84":7,"85":7,"86":7,"88":7,"89":7,"90":7,"93":7,"94":7,"99":41,"103":1,"107":0,"111":0,"127":15,"128":15,"129":15,"130":15,"131":15,"133":0,"144":0,"145":0,"146":0,"147":0,"148":0,"149":0,"151":0,"159":30,"172":0,"173":0,"174":0,"191":0,"192":0,"194":0,"202":0,"212":12,"220":6,"221":6,"222":6,"234":21,"235":18,"238":0},"path":"/bitcar/platform/Backend/contracts/token/Asset/BaseAssetToken.sol","s":{"1":0,"2":7,"3":17,"4":7,"5":7,"6":7,"7":7,"8":7,"9":7,"10":7,"11":7,"12":41,"13":1,"14":0,"15":0,"16":15,"17":15,"18":15,"19":15,"20":15,"21":0,"22":0,"23":0,"24":0,"25":0,"26":0,"27":0,"28":0,"29":30,"30":0,"31":0,"32":0,"33":0,"34":0,"35":0,"36":0,"37":12,"38":6,"39":6,"40":6,"41":21,"42":18,"43":0},"b":{"1":[6,1],"2":[15,2],"3":[7,0],"4":[7,0],"5":[7,0],"6":[15,0],"7":[0,0],"8":[0,0],"9":[6,0],"10":[6,0],"11":[18,0]},"f":{"1":0,"2":7,"3":17,"4":7,"5":41,"6":1,"7":0,"8":0,"9":15,"10":0,"11":30,"12":0,"13":0,"14":0,"15":12,"16":6,"17":21},"fnMap":{"1":{"name":null,"line":13,"loc":{"start":{"line":13,"column":4},"end":{"line":13,"column":20}}},"2":{"name":"onlyOwner","line":41,"loc":{"start":{"line":41,"column":4},"end":{"line":41,"column":22}}},"3":{"name":"whitelistAllowed","line":49,"loc":{"start":{"line":49,"column":4},"end":{"line":49,"column":55}}},"4":{"name":null,"line":67,"loc":{"start":{"line":67,"column":4},"end":{"line":82,"column":26}}},"5":{"name":"totalSupply","line":98,"loc":{"start":{"line":98,"column":4},"end":{"line":98,"column":54}}},"6":{"name":"getOwner","line":102,"loc":{"start":{"line":102,"column":4},"end":{"line":102,"column":51}}},"7":{"name":"getName","line":106,"loc":{"start":{"line":106,"column":4},"end":{"line":106,"column":49}}},"8":{"name":"getSymbol","line":110,"loc":{"start":{"line":110,"column":4},"end":{"line":110,"column":51}}},"9":{"name":"transfer","line":120,"loc":{"start":{"line":120,"column":4},"end":{"line":126,"column":28}}},"10":{"name":"transferFrom","line":137,"loc":{"start":{"line":137,"column":4},"end":{"line":143,"column":28}}},"11":{"name":"balanceOf","line":155,"loc":{"start":{"line":155,"column":4},"end":{"line":158,"column":31}}},"12":{"name":"approve","line":165,"loc":{"start":{"line":165,"column":4},"end":{"line":171,"column":28}}},"13":{"name":"compareAndApprove","line":185,"loc":{"start":{"line":185,"column":4},"end":{"line":190,"column":27}}},"14":{"name":"allowance","line":198,"loc":{"start":{"line":198,"column":4},"end":{"line":201,"column":41}}},"15":{"name":"canClaim","line":208,"loc":{"start":{"line":208,"column":4},"end":{"line":211,"column":28}}},"16":{"name":"setAssetWhitelist","line":219,"loc":{"start":{"line":219,"column":4},"end":{"line":219,"column":77}}},"17":{"name":"isWhitelistAllowed","line":233,"loc":{"start":{"line":233,"column":4},"end":{"line":233,"column":84}}}},"statementMap":{"1":{"start":{"line":15,"column":8},"end":{"line":15,"column":15}},"2":{"start":{"line":42,"column":8},"end":{"line":42,"column":76}},"3":{"start":{"line":50,"column":8},"end":{"line":50,"column":89}},"4":{"start":{"line":84,"column":8},"end":{"line":84,"column":96}},"5":{"start":{"line":85,"column":8},"end":{"line":85,"column":65}},"6":{"start":{"line":86,"column":8},"end":{"line":86,"column":63}},"7":{"start":{"line":88,"column":8},"end":{"line":88,"column":19}},"8":{"start":{"line":89,"column":8},"end":{"line":89,"column":23}},"9":{"start":{"line":90,"column":8},"end":{"line":90,"column":33}},"10":{"start":{"line":93,"column":8},"end":{"line":93,"column":37}},"11":{"start":{"line":94,"column":8},"end":{"line":94,"column":21}},"12":{"start":{"line":99,"column":8},"end":{"line":99,"column":26}},"13":{"start":{"line":103,"column":8},"end":{"line":103,"column":20}},"14":{"start":{"line":107,"column":8},"end":{"line":107,"column":19}},"15":{"start":{"line":111,"column":8},"end":{"line":111,"column":21}},"16":{"start":{"line":127,"column":8},"end":{"line":127,"column":4341}},"17":{"start":{"line":128,"column":12},"end":{"line":128,"column":41}},"18":{"start":{"line":129,"column":12},"end":{"line":129,"column":34}},"19":{"start":{"line":130,"column":12},"end":{"line":130,"column":50}},"20":{"start":{"line":131,"column":12},"end":{"line":131,"column":23}},"21":{"start":{"line":133,"column":8},"end":{"line":133,"column":20}},"22":{"start":{"line":144,"column":8},"end":{"line":144,"column":4865}},"23":{"start":{"line":145,"column":12},"end":{"line":145,"column":36}},"24":{"start":{"line":146,"column":12},"end":{"line":146,"column":47}},"25":{"start":{"line":147,"column":12},"end":{"line":147,"column":34}},"26":{"start":{"line":148,"column":12},"end":{"line":148,"column":45}},"27":{"start":{"line":149,"column":12},"end":{"line":149,"column":23}},"28":{"start":{"line":151,"column":8},"end":{"line":151,"column":20}},"29":{"start":{"line":159,"column":8},"end":{"line":159,"column":31}},"30":{"start":{"line":172,"column":8},"end":{"line":172,"column":45}},"31":{"start":{"line":173,"column":8},"end":{"line":173,"column":51}},"32":{"start":{"line":174,"column":8},"end":{"line":174,"column":19}},"33":{"start":{"line":191,"column":8},"end":{"line":191,"column":6843}},"34":{"start":{"line":192,"column":12},"end":{"line":192,"column":24}},"35":{"start":{"line":194,"column":8},"end":{"line":194,"column":43}},"36":{"start":{"line":202,"column":8},"end":{"line":202,"column":40}},"37":{"start":{"line":212,"column":8},"end":{"line":212,"column":28}},"38":{"start":{"line":220,"column":8},"end":{"line":220,"column":87}},"39":{"start":{"line":221,"column":8},"end":{"line":221,"column":77}},"40":{"start":{"line":222,"column":8},"end":{"line":222,"column":63}},"41":{"start":{"line":234,"column":8},"end":{"line":234,"column":8435}},"42":{"start":{"line":235,"column":12},"end":{"line":235,"column":23}},"43":{"start":{"line":238,"column":8},"end":{"line":238,"column":20}}},"branchMap":{"1":{"line":42,"type":"if","locations":[{"start":{"line":42,"column":8},"end":{"line":42,"column":8}},{"start":{"line":42,"column":8},"end":{"line":42,"column":8}}]},"2":{"line":50,"type":"if","locations":[{"start":{"line":50,"column":8},"end":{"line":50,"column":8}},{"start":{"line":50,"column":8},"end":{"line":50,"column":8}}]},"3":{"line":84,"type":"if","locations":[{"start":{"line":84,"column":8},"end":{"line":84,"column":8}},{"start":{"line":84,"column":8},"end":{"line":84,"column":8}}]},"4":{"line":85,"type":"if","locations":[{"start":{"line":85,"column":8},"end":{"line":85,"column":8}},{"start":{"line":85,"column":8},"end":{"line":85,"column":8}}]},"5":{"line":86,"type":"if","locations":[{"start":{"line":86,"column":8},"end":{"line":86,"column":8}},{"start":{"line":86,"column":8},"end":{"line":86,"column":8}}]},"6":{"line":127,"type":"if","locations":[{"start":{"line":127,"column":8},"end":{"line":127,"column":8}},{"start":{"line":127,"column":8},"end":{"line":127,"column":8}}]},"7":{"line":144,"type":"if","locations":[{"start":{"line":144,"column":8},"end":{"line":144,"column":8}},{"start":{"line":144,"column":8},"end":{"line":144,"column":8}}]},"8":{"line":191,"type":"if","locations":[{"start":{"line":191,"column":8},"end":{"line":191,"column":8}},{"start":{"line":191,"column":8},"end":{"line":191,"column":8}}]},"9":{"line":220,"type":"if","locations":[{"start":{"line":220,"column":8},"end":{"line":220,"column":8}},{"start":{"line":220,"column":8},"end":{"line":220,"column":8}}]},"10":{"line":221,"type":"if","locations":[{"start":{"line":221,"column":8},"end":{"line":221,"column":8}},{"start":{"line":221,"column":8},"end":{"line":221,"column":8}}]},"11":{"line":234,"type":"if","locations":[{"start":{"line":234,"column":8},"end":{"line":234,"column":8}},{"start":{"line":234,"column":8},"end":{"line":234,"column":8}}]}}},"contracts/token/Asset/IAssetToken.sol":{"l":{},"path":"/bitcar/platform/Backend/contracts/token/Asset/IAssetToken.sol","s":{},"b":{},"f":{},"fnMap":{},"statementMap":{},"branchMap":{}},"contracts/token/Platform/IPlatformToken.sol":{"l":{},"path":"/bitcar/platform/Backend/contracts/token/Platform/IPlatformToken.sol","s":{},"b":{},"f":{},"fnMap":{},"statementMap":{},"branchMap":{}},"contracts/token/Platform/PlatformToken.sol":{"l":{"9":0,"32":1,"33":1,"34":1,"37":1,"42":0,"52":17,"53":17,"54":17,"55":17,"56":17,"58":0,"63":40,"64":40,"65":40,"66":40,"67":40,"68":40,"70":0,"75":26,"82":7,"83":7,"84":7,"96":0,"97":0,"99":0,"104":10},"path":"/bitcar/platform/Backend/contracts/token/Platform/PlatformToken.sol","s":{"1":0,"2":1,"3":1,"4":1,"5":1,"6":0,"7":17,"8":17,"9":17,"10":17,"11":17,"12":0,"13":40,"14":40,"15":40,"16":40,"17":40,"18":40,"19":0,"20":26,"21":7,"22":7,"23":7,"24":0,"25":0,"26":0,"27":10},"b":{"1":[17,0],"2":[40,0],"3":[0,0]},"f":{"1":0,"2":1,"3":0,"4":17,"5":40,"6":26,"7":7,"8":0,"9":10},"fnMap":{"1":{"name":null,"line":7,"loc":{"start":{"line":7,"column":4},"end":{"line":7,"column":20}}},"2":{"name":null,"line":31,"loc":{"start":{"line":31,"column":4},"end":{"line":31,"column":72}}},"3":{"name":"totalSupply","line":41,"loc":{"start":{"line":41,"column":4},"end":{"line":41,"column":54}}},"4":{"name":"transfer","line":51,"loc":{"start":{"line":51,"column":4},"end":{"line":51,"column":70}}},"5":{"name":"transferFrom","line":62,"loc":{"start":{"line":62,"column":4},"end":{"line":62,"column":89}}},"6":{"name":"balanceOf","line":74,"loc":{"start":{"line":74,"column":4},"end":{"line":74,"column":66}}},"7":{"name":"approve","line":81,"loc":{"start":{"line":81,"column":4},"end":{"line":81,"column":74}}},"8":{"name":"compareAndApprove","line":95,"loc":{"start":{"line":95,"column":4},"end":{"line":95,"column":109}}},"9":{"name":"allowance","line":103,"loc":{"start":{"line":103,"column":4},"end":{"line":103,"column":94}}}},"statementMap":{"1":{"start":{"line":9,"column":8},"end":{"line":9,"column":15}},"2":{"start":{"line":32,"column":8},"end":{"line":32,"column":19}},"3":{"start":{"line":33,"column":8},"end":{"line":33,"column":23}},"4":{"start":{"line":34,"column":8},"end":{"line":34,"column":52}},"5":{"start":{"line":37,"column":8},"end":{"line":37,"column":41}},"6":{"start":{"line":42,"column":8},"end":{"line":42,"column":26}},"7":{"start":{"line":52,"column":8},"end":{"line":52,"column":1933}},"8":{"start":{"line":53,"column":12},"end":{"line":53,"column":41}},"9":{"start":{"line":54,"column":12},"end":{"line":54,"column":34}},"10":{"start":{"line":55,"column":12},"end":{"line":55,"column":50}},"11":{"start":{"line":56,"column":12},"end":{"line":56,"column":23}},"12":{"start":{"line":58,"column":8},"end":{"line":58,"column":20}},"13":{"start":{"line":63,"column":8},"end":{"line":63,"column":2298}},"14":{"start":{"line":64,"column":12},"end":{"line":64,"column":36}},"15":{"start":{"line":65,"column":12},"end":{"line":65,"column":47}},"16":{"start":{"line":66,"column":12},"end":{"line":66,"column":34}},"17":{"start":{"line":67,"column":12},"end":{"line":67,"column":45}},"18":{"start":{"line":68,"column":12},"end":{"line":68,"column":23}},"19":{"start":{"line":70,"column":8},"end":{"line":70,"column":20}},"20":{"start":{"line":75,"column":8},"end":{"line":75,"column":31}},"21":{"start":{"line":82,"column":8},"end":{"line":82,"column":45}},"22":{"start":{"line":83,"column":8},"end":{"line":83,"column":51}},"23":{"start":{"line":84,"column":8},"end":{"line":84,"column":19}},"24":{"start":{"line":96,"column":8},"end":{"line":96,"column":3948}},"25":{"start":{"line":97,"column":12},"end":{"line":97,"column":24}},"26":{"start":{"line":99,"column":8},"end":{"line":99,"column":43}},"27":{"start":{"line":104,"column":8},"end":{"line":104,"column":40}}},"branchMap":{"1":{"line":52,"type":"if","locations":[{"start":{"line":52,"column":8},"end":{"line":52,"column":8}},{"start":{"line":52,"column":8},"end":{"line":52,"column":8}}]},"2":{"line":63,"type":"if","locations":[{"start":{"line":63,"column":8},"end":{"line":63,"column":8}},{"start":{"line":63,"column":8},"end":{"line":63,"column":8}}]},"3":{"line":96,"type":"if","locations":[{"start":{"line":96,"column":8},"end":{"line":96,"column":8}},{"start":{"line":96,"column":8},"end":{"line":96,"column":8}}]}}},"contracts/whitelist/AssetWhitelist.sol":{"l":{"26":6,"27":6,"28":6,"30":6,"32":6,"34":6,"35":6,"43":2,"44":2,"52":0,"55":0,"56":0,"58":0,"70":17,"71":8,"75":9,"76":2,"80":8,"81":2,"85":7,"86":2,"91":6,"98":1,"102":1,"106":2,"110":1,"122":0},"path":"/bitcar/platform/Backend/contracts/whitelist/AssetWhitelist.sol","s":{"1":6,"2":6,"3":6,"4":6,"5":6,"6":6,"7":6,"8":2,"9":0,"10":0,"11":0,"12":17,"13":8,"14":9,"15":2,"16":8,"17":2,"18":7,"19":2,"20":6,"21":1,"22":1,"23":2,"24":1,"25":0,"26":0,"27":0,"28":0,"29":0},"b":{"1":[6,0],"2":[6,0],"3":[6,0],"4":[0,0],"5":[8,9],"6":[2,7],"7":[1,1],"8":[2,6],"9":[1,1],"10":[2,5],"11":[1,1]},"f":{"1":6,"2":2,"3":0,"4":17,"5":1,"6":1,"7":2,"8":1,"9":0,"10":0,"11":0,"12":0,"13":0},"fnMap":{"1":{"name":null,"line":25,"loc":{"start":{"line":25,"column":4},"end":{"line":25,"column":105}}},"2":{"name":"addCountry","line":42,"loc":{"start":{"line":42,"column":4},"end":{"line":42,"column":57}}},"3":{"name":"removeCountry","line":51,"loc":{"start":{"line":51,"column":4},"end":{"line":51,"column":60}}},"4":{"name":"allowTransaction","line":69,"loc":{"start":{"line":69,"column":4},"end":{"line":69,"column":83}}},"5":{"name":"setEnabled","line":97,"loc":{"start":{"line":97,"column":4},"end":{"line":97,"column":54}}},"6":{"name":"setInitialPurchases","line":101,"loc":{"start":{"line":101,"column":4},"end":{"line":101,"column":72}}},"7":{"name":"setP2PTransfers","line":105,"loc":{"start":{"line":105,"column":4},"end":{"line":105,"column":64}}},"8":{"name":"setClaimerTransfers","line":109,"loc":{"start":{"line":109,"column":4},"end":{"line":109,"column":72}}},"9":{"name":"getEnabled","line":114,"loc":{"start":{"line":114,"column":4},"end":{"line":114,"column":50}}},"10":{"name":"getInitialPurchases","line":115,"loc":{"start":{"line":115,"column":4},"end":{"line":115,"column":59}}},"11":{"name":"getP2PTransfers","line":116,"loc":{"start":{"line":116,"column":4},"end":{"line":116,"column":55}}},"12":{"name":"getClaimerTransfers","line":117,"loc":{"start":{"line":117,"column":4},"end":{"line":117,"column":59}}},"13":{"name":"getCountries","line":121,"loc":{"start":{"line":121,"column":4},"end":{"line":121,"column":56}}}},"statementMap":{"1":{"start":{"line":26,"column":8},"end":{"line":26,"column":39}},"2":{"start":{"line":27,"column":8},"end":{"line":27,"column":43}},"3":{"start":{"line":28,"column":8},"end":{"line":28,"column":45}},"4":{"start":{"line":30,"column":8},"end":{"line":30,"column":37}},"5":{"start":{"line":32,"column":8},"end":{"line":32,"column":62}},"6":{"start":{"line":34,"column":8},"end":{"line":34,"column":35}},"7":{"start":{"line":35,"column":8},"end":{"line":35,"column":39}},"8":{"start":{"line":44,"column":8},"end":{"line":44,"column":61}},"9":{"start":{"line":52,"column":8},"end":{"line":52,"column":46}},"10":{"start":{"line":55,"column":8},"end":{"line":55,"column":1678}},"11":{"start":{"line":56,"column":12},"end":{"line":56,"column":80}},"12":{"start":{"line":70,"column":8},"end":{"line":70,"column":2332}},"13":{"start":{"line":71,"column":12},"end":{"line":71,"column":23}},"14":{"start":{"line":75,"column":8},"end":{"line":75,"column":2424}},"15":{"start":{"line":76,"column":12},"end":{"line":76,"column":132}},"16":{"start":{"line":80,"column":8},"end":{"line":80,"column":2663}},"17":{"start":{"line":81,"column":12},"end":{"line":81,"column":131}},"18":{"start":{"line":85,"column":8},"end":{"line":85,"column":2899}},"19":{"start":{"line":86,"column":12},"end":{"line":86,"column":3054}},"20":{"start":{"line":91,"column":8},"end":{"line":91,"column":19}},"21":{"start":{"line":98,"column":8},"end":{"line":98,"column":25}},"22":{"start":{"line":102,"column":8},"end":{"line":102,"column":43}},"23":{"start":{"line":106,"column":8},"end":{"line":106,"column":35}},"24":{"start":{"line":110,"column":8},"end":{"line":110,"column":43}},"25":{"start":{"line":114,"column":55},"end":{"line":114,"column":69}},"26":{"start":{"line":115,"column":64},"end":{"line":115,"column":87}},"27":{"start":{"line":116,"column":60},"end":{"line":116,"column":79}},"28":{"start":{"line":117,"column":64},"end":{"line":117,"column":87}},"29":{"start":{"line":122,"column":8},"end":{"line":122,"column":31}}},"branchMap":{"1":{"line":26,"type":"if","locations":[{"start":{"line":26,"column":8},"end":{"line":26,"column":8}},{"start":{"line":26,"column":8},"end":{"line":26,"column":8}}]},"2":{"line":27,"type":"if","locations":[{"start":{"line":27,"column":8},"end":{"line":27,"column":8}},{"start":{"line":27,"column":8},"end":{"line":27,"column":8}}]},"3":{"line":28,"type":"if","locations":[{"start":{"line":28,"column":8},"end":{"line":28,"column":8}},{"start":{"line":28,"column":8},"end":{"line":28,"column":8}}]},"4":{"line":55,"type":"if","locations":[{"start":{"line":55,"column":8},"end":{"line":55,"column":8}},{"start":{"line":55,"column":8},"end":{"line":55,"column":8}}]},"5":{"line":70,"type":"if","locations":[{"start":{"line":70,"column":8},"end":{"line":70,"column":8}},{"start":{"line":70,"column":8},"end":{"line":70,"column":8}}]},"6":{"line":75,"type":"if","locations":[{"start":{"line":75,"column":8},"end":{"line":75,"column":8}},{"start":{"line":75,"column":8},"end":{"line":75,"column":8}}]},"7":{"line":76,"type":"if","locations":[{"start":{"line":76,"column":12},"end":{"line":76,"column":12}},{"start":{"line":76,"column":12},"end":{"line":76,"column":12}}]},"8":{"line":80,"type":"if","locations":[{"start":{"line":80,"column":8},"end":{"line":80,"column":8}},{"start":{"line":80,"column":8},"end":{"line":80,"column":8}}]},"9":{"line":81,"type":"if","locations":[{"start":{"line":81,"column":12},"end":{"line":81,"column":12}},{"start":{"line":81,"column":12},"end":{"line":81,"column":12}}]},"10":{"line":85,"type":"if","locations":[{"start":{"line":85,"column":8},"end":{"line":85,"column":8}},{"start":{"line":85,"column":8},"end":{"line":85,"column":8}}]},"11":{"line":86,"type":"if","locations":[{"start":{"line":86,"column":12},"end":{"line":86,"column":12}},{"start":{"line":86,"column":12},"end":{"line":86,"column":12}}]}}},"contracts/whitelist/Whitelist.sol":{"l":{"18":4,"27":2,"36":7,"37":8,"38":4,"42":3},"path":"/bitcar/platform/Backend/contracts/whitelist/Whitelist.sol","s":{"1":4,"2":2,"3":7,"4":8,"5":4,"6":3},"b":{"1":[4,4]},"f":{"1":1,"2":4,"3":2,"4":7},"fnMap":{"1":{"name":null,"line":9,"loc":{"start":{"line":9,"column":4},"end":{"line":9,"column":57}}},"2":{"name":"add","line":17,"loc":{"start":{"line":17,"column":4},"end":{"line":17,"column":68}}},"3":{"name":"remove","line":26,"loc":{"start":{"line":26,"column":4},"end":{"line":26,"column":71}}},"4":{"name":"isWhitelisted","line":35,"loc":{"start":{"line":35,"column":4},"end":{"line":35,"column":98}}}},"statementMap":{"1":{"start":{"line":18,"column":8},"end":{"line":18,"column":44}},"2":{"start":{"line":27,"column":8},"end":{"line":27,"column":45}},"3":{"start":{"line":36,"column":8},"end":{"line":36,"column":1184}},"4":{"start":{"line":37,"column":12},"end":{"line":37,"column":1250}},"5":{"start":{"line":38,"column":16},"end":{"line":38,"column":27}},"6":{"start":{"line":42,"column":8},"end":{"line":42,"column":20}}},"branchMap":{"1":{"line":37,"type":"if","locations":[{"start":{"line":37,"column":12},"end":{"line":37,"column":12}},{"start":{"line":37,"column":12},"end":{"line":37,"column":12}}]}}}}