TN:
SF:/bitcar/platform/Backend/contracts/factories/AbstractFactory.sol
FN:16,
FN:27,get
FN:38,size
FNF:3
FNH:2
FNDA:10,
FNDA:11,get
FNDA:0,size
DA:18,10
DA:19,10
DA:31,11
DA:42,0
LF:4
LH:3
BRDA:18,1,0,10
BRDA:18,1,1,0
BRF:2
BRH:1
end_of_record
TN:
SF:/bitcar/platform/Backend/contracts/factories/AssetFactory.sol
FN:13,
FN:21,create
FNF:2
FNH:2
FNDA:1,
FNDA:5,create
DA:22,5
DA:25,5
DA:26,5
DA:28,5
DA:30,5
DA:32,5
LF:6
LH:6
BRF:0
BRH:0
end_of_record
TN:
SF:/bitcar/platform/Backend/contracts/factories/AssetRankFactory.sol
FN:14,
FN:23,create
FNF:2
FNH:2
FNDA:3,
FNDA:3,create
DA:27,3
DA:28,3
DA:29,3
DA:30,3
LF:4
LH:4
BRF:0
BRH:0
end_of_record
TN:
SF:/bitcar/platform/Backend/contracts/factories/AssetTokenFactory.sol
FN:14,
FN:22,create
FNF:2
FNH:2
FNDA:1,
FNDA:6,create
DA:34,6
DA:46,6
DA:48,6
DA:49,6
DA:50,6
LF:5
LH:5
BRF:0
BRH:0
end_of_record
TN:
SF:/bitcar/platform/Backend/contracts/factories/AssetWhitelistFactory.sol
FN:14,
FN:22,create
FNF:2
FNH:2
FNDA:1,
FNDA:6,create
DA:23,6
DA:24,6
DA:25,6
DA:26,6
LF:4
LH:4
BRF:0
BRH:0
end_of_record
TN:
SF:/bitcar/platform/Backend/contracts/factories/BEEFactory.sol
FN:14,
FN:22,create
FNF:2
FNH:2
FNDA:1,
FNDA:6,create
DA:23,6
DA:24,6
DA:25,6
DA:26,6
LF:4
LH:4
BRF:0
BRH:0
end_of_record
TN:
SF:/bitcar/platform/Backend/contracts/factories/ClaimerFactory.sol
FN:14,
FN:22,create
FNF:2
FNH:2
FNDA:1,
FNDA:6,create
DA:23,6
DA:24,6
DA:25,6
DA:26,6
LF:4
LH:4
BRF:0
BRH:0
end_of_record
TN:
SF:/bitcar/platform/Backend/contracts/factories/FeeFactory.sol
FN:14,
FN:22,create
FNF:2
FNH:2
FNDA:1,
FNDA:12,create
DA:23,12
DA:24,12
DA:25,12
DA:26,12
LF:4
LH:4
BRF:0
BRH:0
end_of_record
TN:
SF:/bitcar/platform/Backend/contracts/factories/FeeManagerFactory.sol
FN:14,
FN:22,create
FNF:2
FNH:2
FNDA:1,
FNDA:6,create
DA:23,6
DA:24,6
DA:25,6
DA:26,6
LF:4
LH:4
BRF:0
BRH:0
end_of_record
TN:
SF:/bitcar/platform/Backend/contracts/governance/AccessControl.sol
FN:24,onlyRole
FN:32,onlyOwner
FN:41,onlySudo
FN:49,onlySudoOrOwner
FN:59,onlyAdmins
FN:71,
FN:85,checkRole
FN:97,isRole
FN:109,isRole
FN:120,addAddressToGroup
FN:129,removeAddressFromGroup
FN:138,isVerifiedUser
FN:149,verifyUser
FN:158,unVerifyUser
FN:167,getRoleMembersCount
FN:178,getOwnerAddress
FNF:16
FNH:12
FNDA:0,onlyRole
FNDA:0,onlyOwner
FNDA:12,onlySudo
FNDA:46,onlySudoOrOwner
FNDA:17,onlyAdmins
FNDA:36,
FNDA:0,checkRole
FNDA:75,isRole
FNDA:61,isRole
FNDA:52,addAddressToGroup
FNDA:3,removeAddressFromGroup
FNDA:49,isVerifiedUser
FNDA:51,verifyUser
FNDA:0,unVerifyUser
FNDA:4,getRoleMembersCount
FNDA:55,getOwnerAddress
DA:25,0
DA:26,0
DA:33,0
DA:34,0
DA:35,0
DA:42,12
DA:43,12
DA:50,46
DA:51,46
DA:52,46
DA:53,43
DA:60,17
DA:61,17
DA:62,17
DA:63,17
DA:75,36
DA:76,36
DA:77,36
DA:88,0
DA:101,75
DA:113,61
DA:122,52
DA:131,3
DA:142,49
DA:151,51
DA:160,0
DA:171,4
DA:182,55
LF:28
LH:21
BRDA:34,1,0,0
BRDA:34,1,1,0
BRDA:42,2,0,12
BRDA:42,2,1,0
BRDA:52,3,0,43
BRDA:52,3,1,3
BRDA:62,4,0,17
BRDA:62,4,1,0
BRDA:76,5,0,36
BRDA:76,5,1,0
BRF:10
BRH:5
end_of_record
TN:
SF:/bitcar/platform/Backend/contracts/governance/Admin.sol
FN:21,
FN:30,addAddressToAdminGroup
FN:43,updateAddAddressToAdminGroupPrice
FN:54,verify
FNF:4
FNH:3
FNDA:9,
FNDA:9,addAddressToAdminGroup
FNDA:0,updateAddAddressToAdminGroupPrice
FNDA:9,verify
DA:35,9
DA:36,9
DA:46,0
DA:57,9
LF:4
LH:3
BRDA:57,1,0,9
BRDA:57,1,1,0
BRF:2
BRH:1
end_of_record
TN:
SF:/bitcar/platform/Backend/contracts/governance/Agent.sol
FN:21,
FN:30,addAddressToAgentsGroup
FN:42,updateAddAddressToAgentsGroupPrice
FN:53,verify
FNF:4
FNH:3
FNDA:9,
FNDA:9,addAddressToAgentsGroup
FNDA:0,updateAddAddressToAgentsGroupPrice
FNDA:9,verify
DA:34,9
DA:35,9
DA:45,0
DA:56,9
LF:4
LH:3
BRDA:56,1,0,9
BRDA:56,1,1,0
BRF:2
BRH:1
end_of_record
TN:
SF:/bitcar/platform/Backend/contracts/governance/Groups.sol
FN:23,
FN:34,onlyOwner
FN:38,onlySudo
FN:42,onlyAdmins
FN:46,onlyAgents
FN:50,onlyTraders
FN:54,onlyVerifiedTraders
FN:58,onlySudoOrOwner
FN:63,isOwner
FN:67,isSudo
FN:71,isAdmin
FN:75,isVerifiedAdmin
FN:79,isAgent
FN:83,isVerifiedAgent
FN:87,isTrader
FN:91,isVerifiedTrader
FNF:16
FNH:11
FNDA:30,
FNDA:0,onlyOwner
FNDA:3,onlySudo
FNDA:47,onlyAdmins
FNDA:0,onlyAgents
FNDA:11,onlyTraders
FNDA:0,onlyVerifiedTraders
FNDA:3,onlySudoOrOwner
FNDA:3,isOwner
FNDA:3,isSudo
FNDA:47,isAdmin
FNDA:44,isVerifiedAdmin
FNDA:0,isAgent
FNDA:5,isVerifiedAgent
FNDA:11,isTrader
FNDA:0,isVerifiedTrader
DA:24,30
DA:25,30
DA:26,30
DA:27,30
DA:28,30
LF:5
LH:5
BRDA:24,1,0,30
BRDA:24,1,1,0
BRDA:34,2,0,0
BRDA:34,2,1,0
BRDA:38,3,0,3
BRDA:38,3,1,0
BRDA:42,4,0,44
BRDA:42,4,1,3
BRDA:46,5,0,0
BRDA:46,5,1,0
BRDA:50,6,0,11
BRDA:50,6,1,0
BRDA:54,7,0,0
BRDA:54,7,1,0
BRDA:58,8,0,3
BRDA:58,8,1,0
BRF:16
BRH:6
end_of_record
TN:
SF:/bitcar/platform/Backend/contracts/governance/Multisignature.sol
FN:26,
FN:32,createMultisigTransaction
FN:55,signMultisigTransaction
FN:82,deleteMultisigTransaction
FN:105,cancelMultisigTransaction
FN:114,getPendingConfirmations
FNF:6
FNH:4
FNDA:12,
FNDA:4,createMultisigTransaction
FNDA:11,signMultisigTransaction
FNDA:4,deleteMultisigTransaction
FNDA:0,cancelMultisigTransaction
FNDA:0,getPendingConfirmations
DA:35,4
DA:36,4
DA:38,4
DA:39,4
DA:40,4
DA:41,4
DA:42,4
DA:43,4
DA:44,4
DA:46,4
DA:48,4
DA:58,11
DA:59,11
DA:60,11
DA:62,8
DA:63,8
DA:65,8
DA:67,8
DA:68,8
DA:70,8
DA:73,4
DA:74,4
DA:84,4
DA:86,4
DA:87,4
DA:88,4
DA:89,0
DA:91,4
DA:94,4
DA:97,4
DA:98,4
DA:99,4
DA:107,0
DA:108,0
DA:118,0
LF:35
LH:31
BRDA:36,1,0,4
BRDA:36,1,1,0
BRDA:59,2,0,11
BRDA:59,2,1,0
BRDA:60,3,0,8
BRDA:60,3,1,3
BRDA:70,4,0,4
BRDA:70,4,1,4
BRDA:84,5,0,4
BRDA:84,5,1,0
BRDA:88,6,0,0
BRDA:88,6,1,4
BRDA:90,7,0,4
BRDA:90,7,1,0
BRDA:94,8,0,4
BRDA:94,8,1,0
BRF:16
BRH:10
end_of_record
TN:
SF:/bitcar/platform/Backend/contracts/governance/Priced.sol
FN:21,costs
FNF:1
FNH:1
FNDA:27,costs
DA:22,27
DA:23,27
LF:2
LH:2
BRDA:22,1,0,27
BRDA:22,1,1,0
BRF:2
BRH:1
end_of_record
TN:
SF:/bitcar/platform/Backend/contracts/governance/Sudo.sol
FN:21,
FN:30,addAddressToSudoGroup
FN:41,requestRemoveAddressFromSudoGroup
FN:55,confirmRemoveAddressFromSudoGroup
FNF:4
FNH:4
FNDA:9,
FNDA:25,addAddressToSudoGroup
FNDA:3,requestRemoveAddressFromSudoGroup
FNDA:9,confirmRemoveAddressFromSudoGroup
DA:33,25
DA:34,25
DA:45,3
DA:46,3
DA:47,3
DA:58,9
DA:59,9
DA:60,9
DA:61,6
DA:62,3
LF:10
LH:10
BRDA:45,1,0,3
BRDA:45,1,1,0
BRDA:61,2,0,3
BRDA:61,2,1,3
BRF:4
BRH:3
end_of_record
TN:
SF:/bitcar/platform/Backend/contracts/governance/Trader.sol
FN:21,
FN:30,addAddressToTradersGroup
FN:42,updateAddAddressToTradersGroupPrice
FN:53,verify
FNF:4
FNH:3
FNDA:9,
FNDA:9,addAddressToTradersGroup
FNDA:0,updateAddAddressToTradersGroupPrice
FNDA:8,verify
DA:34,9
DA:35,9
DA:45,0
DA:56,8
LF:4
LH:3
BRDA:56,1,0,8
BRDA:56,1,1,0
BRF:2
BRH:1
end_of_record
TN:
SF:/bitcar/platform/Backend/contracts/libs/AssetRank.sol
FN:33,
FN:44,setRankInputs
FN:57,calculateRanking
FNF:3
FNH:3
FNDA:3,
FNDA:17,setRankInputs
FNDA:17,calculateRanking
DA:36,3
DA:37,3
DA:46,17
DA:47,17
DA:61,17
DA:62,17
DA:63,17
DA:64,17
DA:65,17
DA:66,17
DA:67,17
DA:68,17
DA:69,17
LF:13
LH:13
BRDA:46,1,0,17
BRDA:46,1,1,0
BRF:2
BRH:1
end_of_record
TN:
SF:/bitcar/platform/Backend/contracts/libs/AssetRankParameters.sol
FN:38,
FN:79,getTheUnit
FN:91,setTheThreshold
FN:101,getTheThreshold
FN:112,getNumParams
FN:123,getParam
FN:136,addRankParameter
FN:149,requestRankWeightsUpdate
FN:163,confirmRankWeightsUpdate
FNF:9
FNH:8
FNDA:3,
FNDA:17,getTheUnit
FNDA:0,setTheThreshold
FNDA:17,getTheThreshold
FNDA:333,getNumParams
FNDA:425,getParam
FNDA:75,addRankParameter
FNDA:1,requestRankWeightsUpdate
FNDA:2,confirmRankWeightsUpdate
DA:42,3
DA:43,3
DA:46,3
DA:47,3
DA:48,3
DA:49,3
DA:50,3
DA:51,3
DA:52,3
DA:53,3
DA:54,3
DA:55,3
DA:56,3
DA:57,3
DA:60,3
DA:61,3
DA:62,3
DA:63,3
DA:64,3
DA:65,3
DA:66,3
DA:67,3
DA:68,3
DA:69,3
DA:70,3
DA:71,3
DA:72,3
DA:83,17
DA:94,0
DA:105,17
DA:116,333
DA:127,425
DA:128,425
DA:139,75
DA:140,75
DA:153,1
DA:154,1
DA:155,1
DA:166,2
DA:167,2
DA:168,2
DA:169,2
DA:170,1
DA:171,25
LF:44
LH:43
BRDA:127,1,0,425
BRDA:127,1,1,0
BRDA:153,2,0,1
BRDA:153,2,1,0
BRDA:169,3,0,1
BRDA:169,3,1,1
BRF:6
BRH:4
end_of_record
TN:
SF:/bitcar/platform/Backend/contracts/libs/ECVerify.sol
FN:15,getAddrFromSignature
FN:33,getAddrFromSignatureWithPrefix
FN:54,validateSignature
FNF:3
FNH:3
FNDA:15,getAddrFromSignature
FNDA:15,getAddrFromSignatureWithPrefix
FNDA:15,validateSignature
DA:23,15
DA:41,15
DA:42,15
DA:43,15
DA:72,15
DA:73,15
DA:74,15
DA:76,15
LF:8
LH:8
BRDA:73,1,0,15
BRDA:73,1,1,0
BRF:2
BRH:1
end_of_record
TN:
SF:/bitcar/platform/Backend/contracts/libs/IndexedEntities.sol
FN:64,addItem
FN:80,getItem
FN:94,getCount
FN:108,hasItem
FNF:4
FNH:4
FNDA:10,addItem
FNDA:3,getItem
FNDA:3,getCount
FNDA:4,hasItem
DA:67,10
DA:68,9
DA:69,9
DA:70,9
DA:71,9
DA:85,3
DA:86,2
DA:99,3
DA:113,4
LF:9
LH:9
BRDA:67,1,0,9
BRDA:67,1,1,1
BRDA:85,2,0,2
BRDA:85,2,1,1
BRF:4
BRH:4
end_of_record
TN:
SF:/bitcar/platform/Backend/contracts/libs/interfaces/IAssetRank.sol
FNF:0
FNH:0
LF:0
LH:0
BRF:0
BRH:0
end_of_record
TN:
SF:/bitcar/platform/Backend/contracts/libs/Modifiers.sol
FNF:0
FNH:0
LF:0
LH:0
BRF:0
BRH:0
end_of_record
TN:
SF:/bitcar/platform/Backend/contracts/libs/ownership/Ownable.sol
FN:20,onlyImmediateOwner
FN:28,onlyWhitelisted
FN:36,onlyImmediateOwnerOrWhitelisted
FN:47,
FN:55,getImmediateOwnerAddress
FN:66,transferOwnership
FN:76,_transferOwnership
FN:87,registerComponent
FN:99,deregisterComponent
FNF:9
FNH:5
FNDA:0,onlyImmediateOwner
FNDA:11,onlyWhitelisted
FNDA:503,onlyImmediateOwnerOrWhitelisted
FNDA:74,
FNDA:55,getImmediateOwnerAddress
FNDA:0,transferOwnership
FNDA:0,_transferOwnership
FNDA:54,registerComponent
FNDA:0,deregisterComponent
DA:21,0
DA:22,0
DA:29,11
DA:30,10
DA:37,503
DA:38,503
DA:39,503
DA:40,503
DA:49,74
DA:59,55
DA:69,0
DA:78,0
DA:79,0
DA:80,0
DA:90,54
DA:91,54
DA:92,54
DA:102,0
DA:103,0
DA:104,0
LF:20
LH:11
BRDA:21,1,0,0
BRDA:21,1,1,0
BRDA:29,2,0,10
BRDA:29,2,1,1
BRDA:39,3,0,503
BRDA:39,3,1,0
BRDA:78,4,0,0
BRDA:78,4,1,0
BRDA:90,5,0,54
BRDA:90,5,1,0
BRDA:102,6,0,0
BRDA:102,6,1,0
BRF:12
BRH:4
end_of_record
TN:
SF:/bitcar/platform/Backend/contracts/libs/rbac/RBACData.sol
FN:29,checkRole
FN:42,hasRole
FN:55,addRole
FN:70,removeRole
FN:84,getRoleMembersCount
FN:97,isVerifiedUser
FN:110,verifyUser
FN:125,unVerifyUser
FNF:8
FNH:6
FNDA:0,checkRole
FNDA:242,hasRole
FNDA:52,addRole
FNDA:3,removeRole
FNDA:4,getRoleMembersCount
FNDA:66,isVerifiedUser
FNDA:51,verifyUser
FNDA:0,unVerifyUser
DA:33,0
DA:47,242
DA:58,52
DA:59,52
DA:60,52
DA:61,52
DA:73,3
DA:74,3
DA:75,3
DA:76,3
DA:88,4
DA:102,66
DA:113,51
DA:114,51
DA:115,51
DA:116,51
DA:128,0
DA:129,0
DA:130,0
DA:131,0
LF:20
LH:15
BRDA:58,1,0,52
BRDA:58,1,1,0
BRDA:73,2,0,3
BRDA:73,2,1,0
BRDA:113,3,0,51
BRDA:113,3,1,0
BRDA:128,4,0,0
BRDA:128,4,1,0
BRF:8
BRH:3
end_of_record
TN:
SF:/bitcar/platform/Backend/contracts/libs/rbac/Roles.sol
FN:19,add
FN:27,remove
FN:36,check
FN:46,has
FN:56,verify
FN:64,unverify
FN:73,verified
FNF:7
FNH:5
FNDA:52,add
FNDA:3,remove
FNDA:0,check
FNDA:242,has
FNDA:51,verify
FNDA:0,unverify
FNDA:66,verified
DA:21,52
DA:29,3
DA:39,0
DA:50,242
DA:58,51
DA:66,0
DA:77,66
LF:7
LH:5
BRDA:39,1,0,0
BRDA:39,1,1,0
BRF:2
BRH:0
end_of_record
TN:
SF:/bitcar/platform/Backend/contracts/libs/Wallet.sol
FN:16,
FN:27,withdraw
FN:38,getBalance
FNF:3
FNH:0
FNDA:0,
FNDA:0,withdraw
FNDA:0,getBalance
DA:19,0
DA:30,0
DA:31,0
DA:32,0
DA:42,0
LF:5
LH:0
BRDA:30,1,0,0
BRDA:30,1,1,0
BRF:2
BRH:0
end_of_record
TN:
SF:/bitcar/platform/Backend/contracts/lifecycle/AssetBallot.sol
FN:39,onlyTokenHolders
FN:54,
FN:83,sellAssetVote
FN:114,keepAssetVote
FN:132,getTradingPeriodDuration
FN:142,getVotingPeriodDuration
FN:152,isInTradingPeriod
FN:162,getAssetToken
FNF:8
FNH:0
FNDA:0,onlyTokenHolders
FNDA:0,
FNDA:0,sellAssetVote
FNDA:0,keepAssetVote
FNDA:0,getTradingPeriodDuration
FNDA:0,getVotingPeriodDuration
FNDA:0,isInTradingPeriod
FNDA:0,getAssetToken
DA:40,0
DA:41,0
DA:42,0
DA:43,0
DA:68,0
DA:69,0
DA:70,0
DA:72,0
DA:73,0
DA:74,0
DA:75,0
DA:76,0
DA:77,0
DA:89,0
DA:90,0
DA:91,0
DA:93,0
DA:94,0
DA:95,0
DA:98,0
DA:99,0
DA:101,0
DA:120,0
DA:121,0
DA:122,0
DA:124,0
DA:125,0
DA:126,0
DA:136,0
DA:146,0
DA:156,0
DA:166,0
LF:32
LH:0
BRDA:42,1,0,0
BRDA:42,1,1,0
BRDA:68,2,0,0
BRDA:68,2,1,0
BRDA:69,3,0,0
BRDA:69,3,1,0
BRDA:70,4,0,0
BRDA:70,4,1,0
BRDA:89,5,0,0
BRDA:89,5,1,0
BRDA:98,6,0,0
BRDA:98,6,1,0
BRDA:120,7,0,0
BRDA:120,7,1,0
BRF:14
BRH:0
end_of_record
TN:
SF:/bitcar/platform/Backend/contracts/lifecycle/CyclicPausable.sol
FN:28,whileIsInUpperWave
FN:36,whileIsInLowerWave
FN:44,isNotLastCycle
FN:52,withinLifespan
FN:63,
FN:80,getR
FN:91,isInUpperWave
FN:104,getCycle
FN:117,isWithinLifespan
FN:129,getCycleProgress
FNF:10
FNH:10
FNDA:18,whileIsInUpperWave
FNDA:5,whileIsInLowerWave
FNDA:5,isNotLastCycle
FNDA:17,withinLifespan
FNDA:9,
FNDA:982,getR
FNDA:520,isInUpperWave
FNDA:976,getCycle
FNDA:496,isWithinLifespan
FNDA:462,getCycleProgress
DA:29,18
DA:30,17
DA:37,5
DA:38,5
DA:45,5
DA:46,5
DA:53,17
DA:54,17
DA:72,9
DA:73,9
DA:74,9
DA:84,982
DA:85,982
DA:97,520
DA:98,520
DA:110,976
DA:123,496
DA:135,462
LF:18
LH:18
BRDA:29,1,0,17
BRDA:29,1,1,1
BRDA:37,2,0,5
BRDA:37,2,1,0
BRDA:45,3,0,5
BRDA:45,3,1,0
BRDA:53,4,0,17
BRDA:53,4,1,0
BRF:8
BRH:5
end_of_record
TN:
SF:/bitcar/platform/Backend/contracts/lifecycle/Pausable.sol
FN:20,whenNotPaused
FN:28,whenPaused
FN:36,
FN:44,pause
FN:55,resume
FNF:5
FNH:2
FNDA:33,whenNotPaused
FNDA:0,whenPaused
FNDA:12,
FNDA:0,pause
FNDA:0,resume
DA:21,33
DA:22,33
DA:29,0
DA:30,0
DA:48,0
DA:49,0
DA:59,0
DA:60,0
LF:8
LH:2
BRDA:21,1,0,33
BRDA:21,1,1,0
BRDA:29,2,0,0
BRDA:29,2,1,0
BRF:4
BRH:1
end_of_record
TN:
SF:/bitcar/platform/Backend/contracts/lifecycle/TimePausable.sol
FN:26,onlyIfActivated
FN:34,onlyIfDeltaHasExpired
FN:43,whileExpires
FN:51,whileAlreadyExpired
FN:61,
FN:72,hasExpired
FN:83,enableTimeValidation
FN:93,disableTimeValidation
FN:103,hasDeltaExpired
FN:114,activate
FNF:10
FNH:7
FNDA:2567,onlyIfActivated
FNDA:2454,onlyIfDeltaHasExpired
FNDA:0,whileExpires
FNDA:0,whileAlreadyExpired
FNDA:10,
FNDA:101,hasExpired
FNDA:0,enableTimeValidation
FNDA:3,disableTimeValidation
FNDA:2488,hasDeltaExpired
FNDA:9,activate
DA:27,2567
DA:28,2558
DA:35,2454
DA:36,2454
DA:44,0
DA:45,0
DA:52,0
DA:53,0
DA:66,10
DA:77,101
DA:87,0
DA:97,3
DA:107,2488
DA:117,9
DA:118,9
DA:119,9
LF:16
LH:11
BRDA:27,1,0,2558
BRDA:27,1,1,9
BRDA:35,2,0,2454
BRDA:35,2,1,0
BRDA:44,3,0,0
BRDA:44,3,1,0
BRDA:52,4,0,0
BRDA:52,4,1,0
BRDA:117,5,0,9
BRDA:117,5,1,0
BRF:10
BRH:4
end_of_record
TN:
SF:/bitcar/platform/Backend/contracts/platform/Asset.sol
FN:30,onlyAgent
FN:85,
FN:125,createAssetToken
FN:152,createFeeManager
FN:163,createWhitelist
FN:178,setMinTokenPercentage
FN:190,setPurchasePercentages
FN:209,getFeeForAmount
FN:219,canBuyAssetTokens
FN:262,buyAssetTokens
FN:307,setDataHash
FN:320,agentApproveData
FN:340,adminApproveData
FN:364,approveContractCreation
FN:379,setState
FN:390,getTokenAddress
FN:398,getFeeManagerAddress
FN:406,getAgent
FN:414,getWhitelistAddress
FNF:19
FNH:17
FNDA:15,onlyAgent
FNDA:5,
FNDA:6,createAssetToken
FNDA:6,createFeeManager
FNDA:6,createWhitelist
FNDA:0,setMinTokenPercentage
FNDA:5,setPurchasePercentages
FNDA:30,getFeeForAmount
FNDA:10,canBuyAssetTokens
FNDA:11,buyAssetTokens
FNDA:2,setDataHash
FNDA:7,agentApproveData
FNDA:8,adminApproveData
FNDA:6,approveContractCreation
FNDA:20,setState
FNDA:30,getTokenAddress
FNDA:6,getFeeManagerAddress
FNDA:6,getAgent
FNDA:0,getWhitelistAddress
DA:31,15
DA:32,15
DA:89,5
DA:90,5
DA:92,5
DA:94,5
DA:96,5
DA:98,5
DA:100,5
DA:102,5
DA:104,5
DA:106,5
DA:135,6
DA:137,6
DA:153,6
DA:154,6
DA:156,6
DA:164,6
DA:165,6
DA:166,6
DA:167,6
DA:169,6
DA:170,6
DA:179,0
DA:181,0
DA:191,5
DA:192,5
DA:193,5
DA:194,5
DA:196,5
DA:197,5
DA:199,5
DA:210,30
DA:221,10
DA:222,0
DA:226,10
DA:227,0
DA:231,10
DA:232,0
DA:235,10
DA:236,0
DA:239,10
DA:263,11
DA:264,11
DA:265,10
DA:268,10
DA:269,10
DA:272,10
DA:273,10
DA:274,10
DA:277,10
DA:280,10
DA:283,10
DA:286,10
DA:289,10
DA:290,10
DA:291,10
DA:295,10
DA:297,9
DA:302,9
DA:303,9
DA:304,9
DA:308,2
DA:309,2
DA:311,2
DA:321,7
DA:323,7
DA:324,5
DA:327,7
DA:329,7
DA:341,8
DA:342,8
DA:344,8
DA:345,1
DA:346,1
DA:347,1
DA:350,7
DA:351,6
DA:352,6
DA:353,6
DA:355,6
DA:356,6
DA:365,6
DA:367,6
DA:368,1
DA:369,1
DA:370,1
DA:373,5
DA:374,5
DA:376,5
DA:380,20
DA:381,20
DA:391,30
DA:399,6
DA:407,6
DA:415,0
LF:96
LH:89
BRDA:31,1,0,15
BRDA:31,1,1,0
BRDA:89,2,0,5
BRDA:89,2,1,0
BRDA:90,3,0,5
BRDA:90,3,1,0
BRDA:94,4,0,5
BRDA:94,4,1,0
BRDA:135,5,0,6
BRDA:135,5,1,0
BRDA:153,6,0,6
BRDA:153,6,1,0
BRDA:154,7,0,6
BRDA:154,7,1,0
BRDA:164,8,0,6
BRDA:164,8,1,0
BRDA:165,9,0,6
BRDA:165,9,1,0
BRDA:166,10,0,6
BRDA:166,10,1,0
BRDA:167,11,0,6
BRDA:167,11,1,0
BRDA:179,12,0,0
BRDA:179,12,1,0
BRDA:191,13,0,5
BRDA:191,13,1,0
BRDA:192,14,0,5
BRDA:192,14,1,0
BRDA:193,15,0,5
BRDA:193,15,1,0
BRDA:194,16,0,5
BRDA:194,16,1,0
BRDA:221,17,0,0
BRDA:221,17,1,10
BRDA:226,18,0,0
BRDA:226,18,1,10
BRDA:231,19,0,0
BRDA:231,19,1,10
BRDA:235,20,0,0
BRDA:235,20,1,10
BRDA:263,21,0,11
BRDA:263,21,1,0
BRDA:264,22,0,10
BRDA:264,22,1,1
BRDA:265,23,0,10
BRDA:265,23,1,0
BRDA:277,24,0,10
BRDA:277,24,1,0
BRDA:280,25,0,10
BRDA:280,25,1,0
BRDA:283,26,0,10
BRDA:283,26,1,0
BRDA:289,27,0,10
BRDA:289,27,1,0
BRDA:290,28,0,10
BRDA:290,28,1,0
BRDA:291,29,0,10
BRDA:291,29,1,0
BRDA:295,30,0,9
BRDA:295,30,1,1
BRDA:308,31,0,2
BRDA:308,31,1,0
BRDA:309,32,0,2
BRDA:309,32,1,0
BRDA:321,33,0,7
BRDA:321,33,1,0
BRDA:323,34,0,5
BRDA:323,34,1,2
BRDA:327,35,0,7
BRDA:327,35,1,0
BRDA:341,36,0,8
BRDA:341,36,1,0
BRDA:342,37,0,8
BRDA:342,37,1,0
BRDA:344,38,0,1
BRDA:344,38,1,7
BRDA:350,39,0,6
BRDA:350,39,1,1
BRDA:351,40,0,6
BRDA:351,40,1,0
BRDA:352,41,0,6
BRDA:352,41,1,0
BRDA:353,42,0,6
BRDA:353,42,1,0
BRDA:365,43,0,6
BRDA:365,43,1,0
BRDA:367,44,0,1
BRDA:367,44,1,5
BRF:88
BRH:49
end_of_record
TN:
SF:/bitcar/platform/Backend/contracts/platform/BEE.sol
FN:22,assetClaimsEnabled
FN:30,canSenderClaim
FN:51,
FN:63,getRatio
FN:76,assetTokensToPlatformTokens
FN:81,claimEth
FN:87,claimPlatformTokens
FN:101,claimAssetTokens
FN:104,getPlatformTokenBalance
FN:108,getAssetTokenBalance
FNF:10
FNH:7
FNDA:2,assetClaimsEnabled
FNDA:2,canSenderClaim
FNDA:6,
FNDA:2,getRatio
FNDA:1,assetTokensToPlatformTokens
FNDA:0,claimEth
FNDA:1,claimPlatformTokens
FNDA:0,claimAssetTokens
FNDA:2,getPlatformTokenBalance
FNDA:0,getAssetTokenBalance
DA:23,2
DA:24,2
DA:31,2
DA:32,1
DA:52,6
DA:53,6
DA:55,6
DA:56,6
DA:57,6
DA:59,6
DA:64,2
DA:65,1
DA:68,1
DA:69,1
DA:71,1
DA:73,1
DA:77,1
DA:78,1
DA:88,1
DA:91,1
DA:92,1
DA:94,1
DA:96,1
DA:98,1
DA:105,2
DA:109,0
LF:26
LH:25
BRDA:23,1,0,2
BRDA:23,1,1,0
BRDA:31,2,0,1
BRDA:31,2,1,1
BRDA:52,3,0,6
BRDA:52,3,1,0
BRDA:53,4,0,6
BRDA:53,4,1,0
BRDA:64,5,0,1
BRDA:64,5,1,1
BRDA:77,6,0,1
BRDA:77,6,1,0
BRDA:88,7,0,1
BRDA:88,7,1,0
BRDA:94,8,0,1
BRDA:94,8,1,0
BRF:16
BRH:10
end_of_record
TN:
SF:/bitcar/platform/Backend/contracts/platform/Claimer.sol
FN:26,assetClaimsEnabled
FN:34,canSenderClaim
FN:71,
FN:85,hasEnoughPlatformTokens
FN:107,assetTokensToPlatformTokens
FN:115,claimerFunded
FN:126,claimEth
FN:132,claimPlatformTokens
FN:148,claimAssetTokens
FN:151,getPlatformTokenBalance
FN:155,getAssetTokenBalance
FNF:11
FNH:7
FNDA:8,assetClaimsEnabled
FNDA:5,canSenderClaim
FNDA:6,
FNDA:3,hasEnoughPlatformTokens
FNDA:3,assetTokensToPlatformTokens
FNDA:3,claimerFunded
FNDA:0,claimEth
FNDA:4,claimPlatformTokens
FNDA:0,claimAssetTokens
FNDA:0,getPlatformTokenBalance
FNDA:0,getAssetTokenBalance
DA:27,8
DA:28,8
DA:35,5
DA:36,4
DA:72,6
DA:73,6
DA:75,6
DA:76,6
DA:77,6
DA:78,6
DA:86,3
DA:87,0
DA:90,3
DA:91,3
DA:92,3
DA:94,3
DA:95,2
DA:98,1
DA:108,3
DA:116,3
DA:118,2
DA:119,2
DA:133,4
DA:134,4
DA:135,4
DA:138,3
DA:139,3
DA:141,3
DA:143,3
DA:145,3
DA:152,0
DA:156,0
LF:32
LH:29
BRDA:27,1,0,8
BRDA:27,1,1,0
BRDA:35,2,0,4
BRDA:35,2,1,1
BRDA:72,3,0,6
BRDA:72,3,1,0
BRDA:73,4,0,6
BRDA:73,4,1,0
BRDA:86,5,0,0
BRDA:86,5,1,3
BRDA:94,6,0,2
BRDA:94,6,1,1
BRDA:116,7,0,2
BRDA:116,7,1,1
BRDA:133,8,0,4
BRDA:133,8,1,0
BRDA:134,9,0,4
BRDA:134,9,1,0
BRDA:135,10,0,3
BRDA:135,10,1,1
BRDA:141,11,0,3
BRDA:141,11,1,0
BRF:22
BRH:15
end_of_record
TN:
SF:/bitcar/platform/Backend/contracts/platform/Entity.sol
FN:15,hasFeedback
FN:24,
FN:37,like
FN:41,dislike
FN:49,getLikes
FN:53,getDislikes
FN:57,hasPositiveFeedback
FNF:7
FNH:1
FNDA:0,hasFeedback
FNDA:5,
FNDA:0,like
FNDA:0,dislike
FNDA:0,getLikes
FNDA:0,getDislikes
FNDA:0,hasPositiveFeedback
DA:16,0
DA:17,0
DA:27,5
DA:29,5
DA:38,0
DA:42,0
DA:50,0
DA:54,0
DA:58,0
DA:59,0
DA:62,0
LF:11
LH:2
BRDA:16,1,0,0
BRDA:16,1,1,0
BRDA:27,2,0,5
BRDA:27,2,1,0
BRDA:58,3,0,0
BRDA:58,3,1,0
BRF:6
BRH:1
end_of_record
TN:
SF:/bitcar/platform/Backend/contracts/platform/Fee.sol
FN:18,onlyClaimer
FN:29,
FN:42,claimEth
FN:46,claimPlatformTokens
FN:50,claimAssetTokens
FN:54,getPlatformTokenBalance
FN:58,getAssetTokenBalance
FNF:7
FNH:2
FNDA:0,onlyClaimer
FNDA:12,
FNDA:0,claimEth
FNDA:0,claimPlatformTokens
FNDA:0,claimAssetTokens
FNDA:2,getPlatformTokenBalance
FNDA:0,getAssetTokenBalance
DA:19,0
DA:20,0
DA:30,12
DA:31,12
DA:32,12
DA:34,12
DA:36,12
DA:38,12
DA:39,12
DA:43,0
DA:47,0
DA:51,0
DA:55,2
DA:59,0
LF:14
LH:8
BRDA:19,1,0,0
BRDA:19,1,1,0
BRDA:30,2,0,12
BRDA:30,2,1,0
BRDA:31,3,0,12
BRDA:31,3,1,0
BRDA:32,4,0,12
BRDA:32,4,1,0
BRDA:47,5,0,0
BRDA:47,5,1,0
BRDA:51,6,0,0
BRDA:51,6,1,0
BRF:12
BRH:3
end_of_record
TN:
SF:/bitcar/platform/Backend/contracts/platform/FeeManager.sol
FN:43,
FN:63,createDefaultFees
FN:86,createClaimer
FN:102,createBEE
FN:119,createFee
FN:134,getAddress
FN:143,getAmount
FN:151,hasDefaultFees
FNF:8
FNH:8
FNDA:6,
FNDA:6,createDefaultFees
FNDA:6,createClaimer
FNDA:6,createBEE
FNDA:12,createFee
FNDA:44,getAddress
FNDA:30,getAmount
FNDA:12,hasDefaultFees
DA:44,6
DA:45,6
DA:47,6
DA:49,6
DA:51,6
DA:52,6
DA:54,6
DA:64,6
DA:66,6
DA:67,6
DA:69,6
DA:70,6
DA:72,6
DA:73,6
DA:75,6
DA:76,6
DA:87,6
DA:88,6
DA:90,6
DA:91,6
DA:92,6
DA:103,6
DA:104,6
DA:106,6
DA:107,6
DA:108,6
DA:120,12
DA:121,12
DA:122,12
DA:124,12
DA:125,12
DA:126,12
DA:135,44
DA:144,30
DA:152,12
LF:35
LH:35
BRDA:44,1,0,6
BRDA:44,1,1,0
BRDA:45,2,0,6
BRDA:45,2,1,0
BRDA:64,3,0,6
BRDA:64,3,1,0
BRDA:87,4,0,6
BRDA:87,4,1,0
BRDA:88,5,0,6
BRDA:88,5,1,0
BRDA:103,6,0,6
BRDA:103,6,1,0
BRDA:104,7,0,6
BRDA:104,7,1,0
BRDA:120,8,0,12
BRDA:120,8,1,0
BRDA:121,9,0,12
BRDA:121,9,1,0
BRDA:122,10,0,12
BRDA:122,10,1,0
BRF:20
BRH:10
end_of_record
TN:
SF:/bitcar/platform/Backend/contracts/platform/interfaces/IAsset.sol
FNF:0
FNH:0
LF:0
LH:0
BRF:0
BRH:0
end_of_record
TN:
SF:/bitcar/platform/Backend/contracts/platform/interfaces/IAssetWhitelist.sol
FNF:0
FNH:0
LF:0
LH:0
BRF:0
BRH:0
end_of_record
TN:
SF:/bitcar/platform/Backend/contracts/platform/interfaces/IBEE.sol
FNF:0
FNH:0
LF:0
LH:0
BRF:0
BRH:0
end_of_record
TN:
SF:/bitcar/platform/Backend/contracts/platform/interfaces/IClaimer.sol
FNF:0
FNH:0
LF:0
LH:0
BRF:0
BRH:0
end_of_record
TN:
SF:/bitcar/platform/Backend/contracts/platform/interfaces/IFee.sol
FNF:0
FNH:0
LF:0
LH:0
BRF:0
BRH:0
end_of_record
TN:
SF:/bitcar/platform/Backend/contracts/platform/interfaces/IFeeManager.sol
FNF:0
FNH:0
LF:0
LH:0
BRF:0
BRH:0
end_of_record
TN:
SF:/bitcar/platform/Backend/contracts/platform/interfaces/ITicker.sol
FNF:0
FNH:0
LF:0
LH:0
BRF:0
BRH:0
end_of_record
TN:
SF:/bitcar/platform/Backend/contracts/platform/kyc/DocsTracker.sol
FN:50,submitDocumentDigestAndSignature
FN:76,confirmDocument
FN:89,getDocStatusByHash
FN:116,getDocStatusByIdx
FN:143,getDocCount
FNF:5
FNH:5
FNDA:3,submitDocumentDigestAndSignature
FNDA:3,confirmDocument
FNDA:6,getDocStatusByHash
FNDA:3,getDocStatusByIdx
FNDA:6,getDocCount
DA:58,3
DA:59,3
DA:60,3
DA:61,3
DA:62,3
DA:63,3
DA:64,3
DA:65,3
DA:66,3
DA:67,3
DA:68,3
DA:69,3
DA:70,3
DA:79,3
DA:80,3
DA:81,3
DA:101,6
DA:102,6
DA:103,6
DA:104,6
DA:105,6
DA:106,6
DA:107,6
DA:108,6
DA:128,3
DA:129,3
DA:130,3
DA:131,3
DA:132,3
DA:133,3
DA:134,3
DA:135,3
DA:136,3
DA:147,6
LF:34
LH:34
BRDA:58,1,0,3
BRDA:58,1,1,0
BRDA:59,2,0,3
BRDA:59,2,1,0
BRDA:79,3,0,3
BRDA:79,3,1,0
BRF:6
BRH:3
end_of_record
TN:
SF:/bitcar/platform/Backend/contracts/platform/Ranking.sol
FN:17,
FN:27,createAssetRankInstance
FN:38,setRankInputs
FN:50,calculateRanking
FNF:4
FNH:4
FNDA:5,
FNDA:4,createAssetRankInstance
FNDA:2,setRankInputs
FNDA:2,calculateRanking
DA:19,5
DA:21,5
DA:28,4
DA:29,1
DA:30,1
DA:39,2
DA:40,2
DA:53,2
DA:54,2
DA:55,2
DA:56,2
DA:57,2
DA:58,2
DA:59,2
DA:60,2
DA:61,2
DA:62,2
LF:17
LH:17
BRDA:19,1,0,5
BRDA:19,1,1,0
BRDA:28,2,0,1
BRDA:28,2,1,3
BRF:4
BRH:3
end_of_record
TN:
SF:/bitcar/platform/Backend/contracts/platform/Registry.sol
FN:6,onlyOwner
FN:13,
FN:22,getAddress
FN:34,setAddress
FNF:4
FNH:4
FNDA:72,onlyOwner
FNDA:9,
FNDA:253,getAddress
FNDA:72,setAddress
DA:7,72
DA:8,72
DA:14,9
DA:23,253
DA:25,253
DA:35,72
DA:36,72
DA:38,72
LF:8
LH:8
BRDA:7,1,0,72
BRDA:7,1,1,0
BRDA:23,2,0,253
BRDA:23,2,1,0
BRDA:35,3,0,72
BRDA:35,3,1,0
BRDA:36,4,0,72
BRDA:36,4,1,0
BRF:8
BRH:4
end_of_record
TN:
SF:/bitcar/platform/Backend/contracts/platform/Ticker.sol
FN:16,onlyOwner
FN:21,isValidTicker
FN:42,
FN:49,setUSD
FN:55,setBTC
FN:61,setETH
FN:67,getUSD
FN:68,getETH
FN:69,getBTC
FN:75,unitsToBase
FN:84,baseToUnits
FN:93,unitsToUSD
FN:102,usdToUnits
FN:112,unitsToETH
FN:121,ethToUnits
FN:126,test
FNF:16
FNH:12
FNDA:2,onlyOwner
FNDA:55,isValidTicker
FNDA:1,
FNDA:1,setUSD
FNDA:0,setBTC
FNDA:1,setETH
FNDA:45,getUSD
FNDA:10,getETH
FNDA:0,getBTC
FNDA:50,unitsToBase
FNDA:3,baseToUnits
FNDA:3,unitsToUSD
FNDA:40,usdToUnits
FNDA:0,unitsToETH
FNDA:10,ethToUnits
FNDA:0,test
DA:17,2
DA:18,2
DA:22,55
DA:23,55
DA:43,1
DA:44,1
DA:45,1
DA:46,1
DA:50,1
DA:51,1
DA:52,1
DA:56,0
DA:57,0
DA:58,0
DA:62,1
DA:63,1
DA:64,1
DA:76,50
DA:85,3
DA:94,3
DA:103,40
DA:113,0
DA:122,10
DA:127,0
LF:24
LH:19
BRDA:17,1,0,2
BRDA:17,1,1,0
BRDA:22,2,0,55
BRDA:22,2,1,0
BRDA:43,3,0,1
BRDA:43,3,1,0
BRF:6
BRH:3
end_of_record
TN:
SF:/bitcar/platform/Backend/contracts/platform/TickerDecentralized.sol
FN:9,onlyOwner
FN:14,isValidTicker
FN:39,
FN:58,setState
FN:70,getTicker
FN:78,getLastQuery
FN:86,unitsToBase
FN:95,baseToUnits
FN:104,unitsToUSD
FN:113,usdToUnits
FN:123,__callback
FN:138,update
FNF:12
FNH:1
FNDA:0,onlyOwner
FNDA:0,isValidTicker
FNDA:1,
FNDA:0,setState
FNDA:0,getTicker
FNDA:0,getLastQuery
FNDA:0,unitsToBase
FNDA:0,baseToUnits
FNDA:0,unitsToUSD
FNDA:0,usdToUnits
FNDA:0,__callback
FNDA:0,update
DA:10,0
DA:11,0
DA:15,0
DA:16,0
DA:40,1
DA:41,1
DA:43,1
DA:44,1
DA:45,1
DA:48,1
DA:59,0
DA:61,0
DA:62,0
DA:71,0
DA:79,0
DA:87,0
DA:96,0
DA:105,0
DA:114,0
DA:124,0
DA:126,0
DA:127,0
DA:129,0
DA:130,0
DA:140,0
DA:141,0
DA:143,0
DA:146,0
LF:28
LH:6
BRDA:10,1,0,0
BRDA:10,1,1,0
BRDA:15,2,0,0
BRDA:15,2,1,0
BRDA:40,3,0,1
BRDA:40,3,1,0
BRDA:41,4,0,1
BRDA:41,4,1,0
BRDA:61,5,0,0
BRDA:61,5,1,0
BRDA:124,6,0,0
BRDA:124,6,1,0
BRDA:129,7,0,0
BRDA:129,7,1,0
BRDA:140,8,0,0
BRDA:140,8,1,0
BRF:16
BRH:2
end_of_record
TN:
SF:/bitcar/platform/Backend/contracts/portfolio/GenericPortfolio.sol
FN:13,
FN:23,addAddress
FN:33,getAddress
FN:45,hasAddress
FNF:4
FNH:4
FNDA:2,
FNDA:10,addAddress
FNDA:3,getAddress
FNDA:4,hasAddress
DA:26,10
DA:37,3
DA:49,4
LF:3
LH:3
BRF:0
BRH:0
end_of_record
TN:
SF:/bitcar/platform/Backend/contracts/portfolio/Portfolio.sol
FN:21,
FN:33,addItem
FN:43,getItem
FN:54,getCount
FN:64,getType
FNF:5
FNH:4
FNDA:2,
FNDA:10,addItem
FNDA:3,getItem
FNDA:3,getCount
FNDA:0,getType
DA:24,2
DA:25,2
DA:36,10
DA:47,3
DA:58,3
DA:68,0
LF:6
LH:5
BRF:0
BRH:0
end_of_record
TN:
SF:/bitcar/platform/Backend/contracts/token/Asset/AssetToken.sol
FN:24,onlyTokenHolders
FN:44,
FN:75,voteForSellingTheAsset
FN:105,voteForKeepingTheAsset
FNF:4
FNH:3
FNDA:5,onlyTokenHolders
FNDA:7,
FNDA:5,voteForSellingTheAsset
FNDA:0,voteForKeepingTheAsset
DA:25,5
DA:26,5
DA:27,5
DA:28,5
DA:65,7
DA:66,7
DA:67,7
DA:68,7
DA:69,7
DA:81,5
DA:82,3
DA:83,3
DA:85,5
DA:86,5
DA:87,5
DA:90,5
DA:91,3
DA:92,3
DA:93,3
DA:111,0
DA:112,0
DA:113,0
DA:115,0
DA:116,0
DA:117,0
LF:25
LH:19
BRDA:27,1,0,5
BRDA:27,1,1,0
BRDA:81,2,0,3
BRDA:81,2,1,2
BRDA:90,3,0,3
BRDA:90,3,1,2
BRDA:111,4,0,0
BRDA:111,4,1,0
BRF:8
BRH:5
end_of_record
TN:
SF:/bitcar/platform/Backend/contracts/token/Asset/BaseAssetToken.sol
FN:13,
FN:41,onlyOwner
FN:49,whitelistAllowed
FN:67,
FN:98,totalSupply
FN:102,getOwner
FN:106,getName
FN:110,getSymbol
FN:120,transfer
FN:137,transferFrom
FN:155,balanceOf
FN:165,approve
FN:185,compareAndApprove
FN:198,allowance
FN:208,canClaim
FN:219,setAssetWhitelist
FN:233,isWhitelistAllowed
FNF:17
FNH:10
FNDA:0,
FNDA:7,onlyOwner
FNDA:17,whitelistAllowed
FNDA:7,
FNDA:41,totalSupply
FNDA:1,getOwner
FNDA:0,getName
FNDA:0,getSymbol
FNDA:15,transfer
FNDA:0,transferFrom
FNDA:30,balanceOf
FNDA:0,approve
FNDA:0,compareAndApprove
FNDA:0,allowance
FNDA:12,canClaim
FNDA:6,setAssetWhitelist
FNDA:21,isWhitelistAllowed
DA:15,0
DA:42,7
DA:43,6
DA:50,17
DA:51,15
DA:84,7
DA:85,7
DA:86,7
DA:88,7
DA:89,7
DA:90,7
DA:93,7
DA:94,7
DA:99,41
DA:103,1
DA:107,0
DA:111,0
DA:127,15
DA:128,15
DA:129,15
DA:130,15
DA:131,15
DA:133,0
DA:144,0
DA:145,0
DA:146,0
DA:147,0
DA:148,0
DA:149,0
DA:151,0
DA:159,30
DA:172,0
DA:173,0
DA:174,0
DA:191,0
DA:192,0
DA:194,0
DA:202,0
DA:212,12
DA:220,6
DA:221,6
DA:222,6
DA:234,21
DA:235,18
DA:238,0
LF:45
LH:26
BRDA:42,1,0,6
BRDA:42,1,1,1
BRDA:50,2,0,15
BRDA:50,2,1,2
BRDA:84,3,0,7
BRDA:84,3,1,0
BRDA:85,4,0,7
BRDA:85,4,1,0
BRDA:86,5,0,7
BRDA:86,5,1,0
BRDA:127,6,0,15
BRDA:127,6,1,0
BRDA:144,7,0,0
BRDA:144,7,1,0
BRDA:191,8,0,0
BRDA:191,8,1,0
BRDA:220,9,0,6
BRDA:220,9,1,0
BRDA:221,10,0,6
BRDA:221,10,1,0
BRDA:234,11,0,18
BRDA:234,11,1,0
BRF:22
BRH:11
end_of_record
TN:
SF:/bitcar/platform/Backend/contracts/token/Asset/IAssetToken.sol
FNF:0
FNH:0
LF:0
LH:0
BRF:0
BRH:0
end_of_record
TN:
SF:/bitcar/platform/Backend/contracts/token/Platform/IPlatformToken.sol
FNF:0
FNH:0
LF:0
LH:0
BRF:0
BRH:0
end_of_record
TN:
SF:/bitcar/platform/Backend/contracts/token/Platform/PlatformToken.sol
FN:7,
FN:31,
FN:41,totalSupply
FN:51,transfer
FN:62,transferFrom
FN:74,balanceOf
FN:81,approve
FN:95,compareAndApprove
FN:103,allowance
FNF:9
FNH:6
FNDA:0,
FNDA:1,
FNDA:0,totalSupply
FNDA:17,transfer
FNDA:40,transferFrom
FNDA:26,balanceOf
FNDA:7,approve
FNDA:0,compareAndApprove
FNDA:10,allowance
DA:9,0
DA:32,1
DA:33,1
DA:34,1
DA:37,1
DA:42,0
DA:52,17
DA:53,17
DA:54,17
DA:55,17
DA:56,17
DA:58,0
DA:63,40
DA:64,40
DA:65,40
DA:66,40
DA:67,40
DA:68,40
DA:70,0
DA:75,26
DA:82,7
DA:83,7
DA:84,7
DA:96,0
DA:97,0
DA:99,0
DA:104,10
LF:27
LH:20
BRDA:52,1,0,17
BRDA:52,1,1,0
BRDA:63,2,0,40
BRDA:63,2,1,0
BRDA:96,3,0,0
BRDA:96,3,1,0
BRF:6
BRH:2
end_of_record
TN:
SF:/bitcar/platform/Backend/contracts/whitelist/AssetWhitelist.sol
FN:25,
FN:42,addCountry
FN:51,removeCountry
FN:69,allowTransaction
FN:97,setEnabled
FN:101,setInitialPurchases
FN:105,setP2PTransfers
FN:109,setClaimerTransfers
FN:114,getEnabled
FN:115,getInitialPurchases
FN:116,getP2PTransfers
FN:117,getClaimerTransfers
FN:121,getCountries
FNF:13
FNH:7
FNDA:6,
FNDA:2,addCountry
FNDA:0,removeCountry
FNDA:17,allowTransaction
FNDA:1,setEnabled
FNDA:1,setInitialPurchases
FNDA:2,setP2PTransfers
FNDA:1,setClaimerTransfers
FNDA:0,getEnabled
FNDA:0,getInitialPurchases
FNDA:0,getP2PTransfers
FNDA:0,getClaimerTransfers
FNDA:0,getCountries
DA:26,6
DA:27,6
DA:28,6
DA:30,6
DA:32,6
DA:34,6
DA:35,6
DA:43,2
DA:44,2
DA:52,0
DA:55,0
DA:56,0
DA:58,0
DA:70,17
DA:71,8
DA:75,9
DA:76,2
DA:80,8
DA:81,2
DA:85,7
DA:86,2
DA:91,6
DA:98,1
DA:102,1
DA:106,2
DA:110,1
DA:122,0
LF:27
LH:22
BRDA:26,1,0,6
BRDA:26,1,1,0
BRDA:27,2,0,6
BRDA:27,2,1,0
BRDA:28,3,0,6
BRDA:28,3,1,0
BRDA:55,4,0,0
BRDA:55,4,1,0
BRDA:70,5,0,8
BRDA:70,5,1,9
BRDA:75,6,0,2
BRDA:75,6,1,7
BRDA:76,7,0,1
BRDA:76,7,1,1
BRDA:80,8,0,2
BRDA:80,8,1,6
BRDA:81,9,0,1
BRDA:81,9,1,1
BRDA:85,10,0,2
BRDA:85,10,1,5
BRDA:86,11,0,1
BRDA:86,11,1,1
BRF:22
BRH:17
end_of_record
TN:
SF:/bitcar/platform/Backend/contracts/whitelist/Whitelist.sol
FN:9,
FN:17,add
FN:26,remove
FN:35,isWhitelisted
FNF:4
FNH:4
FNDA:1,
FNDA:4,add
FNDA:2,remove
FNDA:7,isWhitelisted
DA:18,4
DA:27,2
DA:36,7
DA:37,8
DA:38,4
DA:42,3
LF:6
LH:6
BRDA:37,1,0,4
BRDA:37,1,1,4
BRF:2
BRH:2
end_of_record
